<?xml version="1.0" encoding="UTF-8"?>
<coverage generated="1788662602187" clover="3.2.0">
  <project timestamp="1788662602187" name="All files">
    <metrics statements="324" coveredstatements="304" conditionals="298" coveredconditionals="249" methods="42" coveredmethods="36" elements="664" coveredelements="589" complexity="0" loc="324" ncloc="324" packages="1" files="5" classes="5"/>
    <file name="commandsSchemaGenerator.ts" path="C:\Users\AFA\Documents\GitHub\hexllama\src\main\commandsSchemaGenerator.ts">
      <metrics statements="36" coveredstatements="24" conditionals="15" coveredconditionals="10" methods="12" coveredmethods="6"/>
      <line num="29" count="1" type="stmt"/>
      <line num="32" count="0" type="stmt"/>
      <line num="33" count="0" type="stmt"/>
      <line num="34" count="0" type="stmt"/>
      <line num="35" count="0" type="stmt"/>
      <line num="36" count="0" type="stmt"/>
      <line num="37" count="0" type="stmt"/>
      <line num="38" count="0" type="stmt"/>
      <line num="39" count="0" type="cond" truecount="0" falsecount="2"/>
      <line num="41" count="0" type="stmt"/>
      <line num="42" count="0" type="stmt"/>
      <line num="43" count="0" type="stmt"/>
      <line num="49" count="5" type="cond" truecount="1" falsecount="0"/>
      <line num="50" count="5" type="cond" truecount="1" falsecount="1"/>
      <line num="54" count="5" type="cond" truecount="1" falsecount="1"/>
      <line num="55" count="5" type="cond" truecount="1" falsecount="1"/>
      <line num="56" count="5" type="cond" truecount="2" falsecount="0"/>
      <line num="57" count="1" type="stmt"/>
      <line num="59" count="4" type="stmt"/>
      <line num="60" count="4" type="cond" truecount="2" falsecount="0"/>
      <line num="61" count="1" type="stmt"/>
      <line num="63" count="3" type="stmt"/>
      <line num="64" count="3" type="cond" truecount="2" falsecount="0"/>
      <line num="65" count="1" type="stmt"/>
      <line num="67" count="2" type="stmt"/>
      <line num="68" count="2" type="stmt"/>
      <line num="71" count="2" type="stmt"/>
      <line num="73" count="2" type="stmt"/>
      <line num="77" count="2" type="stmt"/>
      <line num="78" count="2" type="stmt"/>
      <line num="80" count="0" type="stmt"/>
      <line num="82" count="2" type="stmt"/>
      <line num="83" count="2" type="stmt"/>
      <line num="84" count="2" type="stmt"/>
      <line num="85" count="2" type="stmt"/>
      <line num="86" count="2" type="stmt"/>
    </file>
    <file name="commandsSchemaLoader.ts" path="C:\Users\AFA\Documents\GitHub\hexllama\src\main\commandsSchemaLoader.ts">
      <metrics statements="36" coveredstatements="35" conditionals="26" coveredconditionals="23" methods="5" coveredmethods="5"/>
      <line num="19" count="2" type="stmt"/>
      <line num="22" count="8" type="stmt"/>
      <line num="26" count="17" type="cond" truecount="2" falsecount="0"/>
      <line num="27" count="8" type="stmt"/>
      <line num="28" count="8" type="stmt"/>
      <line num="30" count="0" type="stmt"/>
      <line num="35" count="7" type="cond" truecount="3" falsecount="1"/>
      <line num="36" count="7" type="stmt"/>
      <line num="37" count="7" type="stmt"/>
      <line num="38" count="7" type="cond" truecount="1" falsecount="1"/>
      <line num="39" count="7" type="cond" truecount="1" falsecount="1"/>
      <line num="42" count="7" type="stmt"/>
      <line num="46" count="10" type="stmt"/>
      <line num="47" count="10" type="stmt"/>
      <line num="48" count="30" type="cond" truecount="2" falsecount="0"/>
      <line num="49" count="9" type="stmt"/>
      <line num="50" count="9" type="stmt"/>
      <line num="51" count="9" type="stmt"/>
      <line num="53" count="21" type="stmt"/>
      <line num="54" count="21" type="stmt"/>
      <line num="57" count="10" type="stmt"/>
      <line num="61" count="10" type="stmt"/>
      <line num="62" count="10" type="cond" truecount="2" falsecount="0"/>
      <line num="63" count="10" type="stmt"/>
      <line num="65" count="10" type="cond" truecount="2" falsecount="0"/>
      <line num="66" count="10" type="stmt"/>
      <line num="67" count="10" type="cond" truecount="4" falsecount="0"/>
      <line num="69" count="9" type="cond" truecount="4" falsecount="0"/>
      <line num="70" count="10" type="cond" truecount="2" falsecount="0"/>
      <line num="71" count="2" type="stmt"/>
      <line num="72" count="2" type="stmt"/>
      <line num="74" count="7" type="stmt"/>
      <line num="75" count="7" type="stmt"/>
      <line num="76" count="7" type="stmt"/>
      <line num="77" count="7" type="stmt"/>
      <line num="78" count="7" type="stmt"/>
    </file>
    <file name="commandsSchemaMerger.ts" path="C:\Users\AFA\Documents\GitHub\hexllama\src\main\commandsSchemaMerger.ts">
      <metrics statements="64" coveredstatements="60" conditionals="92" coveredconditionals="63" methods="7" coveredmethods="7"/>
      <line num="3" count="3" type="stmt"/>
      <line num="14" count="9" type="cond" truecount="1" falsecount="1"/>
      <line num="18" count="16" type="cond" truecount="2" falsecount="0"/>
      <line num="19" count="8" type="cond" truecount="2" falsecount="0"/>
      <line num="20" count="2" type="cond" truecount="2" falsecount="0"/>
      <line num="22" count="7" type="cond" truecount="2" falsecount="0"/>
      <line num="23" count="0" type="cond" truecount="0" falsecount="2"/>
      <line num="25" count="7" type="stmt"/>
      <line num="29" count="15" type="stmt"/>
      <line num="30" count="15" type="cond" truecount="2" falsecount="0"/>
      <line num="31" count="3" type="stmt"/>
      <line num="32" count="3" type="stmt"/>
      <line num="34" count="3" type="stmt"/>
      <line num="41" count="16" type="cond" truecount="2" falsecount="0"/>
      <line num="42" count="14" type="cond" truecount="2" falsecount="0"/>
      <line num="43" count="2" type="cond" truecount="2" falsecount="0"/>
      <line num="45" count="13" type="cond" truecount="2" falsecount="0"/>
      <line num="46" count="0" type="cond" truecount="0" falsecount="2"/>
      <line num="48" count="13" type="stmt"/>
      <line num="56" count="15" type="stmt"/>
      <line num="57" count="15" type="stmt"/>
      <line num="59" count="15" type="stmt"/>
      <line num="60" count="16" type="stmt"/>
      <line num="61" count="16" type="stmt"/>
      <line num="63" count="16" type="cond" truecount="1" falsecount="1"/>
      <line num="64" count="16" type="cond" truecount="1" falsecount="1"/>
      <line num="65" count="16" type="cond" truecount="1" falsecount="1"/>
      <line num="67" count="16" type="cond" truecount="3" falsecount="0"/>
      <line num="68" count="16" type="cond" truecount="2" falsecount="0"/>
      <line num="70" count="16" type="cond" truecount="1" falsecount="1"/>
      <line num="71" count="16" type="stmt"/>
      <line num="74" count="16" type="stmt"/>
      <line num="80" count="16" type="cond" truecount="1" falsecount="1"/>
      <line num="81" count="16" type="cond" truecount="2" falsecount="0"/>
      <line num="82" count="16" type="cond" truecount="1" falsecount="1"/>
      <line num="83" count="16" type="cond" truecount="1" falsecount="1"/>
      <line num="84" count="16" type="cond" truecount="1" falsecount="1"/>
      <line num="85" count="0" type="stmt"/>
      <line num="86" count="0" type="cond" truecount="0" falsecount="2"/>
      <line num="88" count="16" type="cond" truecount="1" falsecount="1"/>
      <line num="89" count="16" type="cond" truecount="2" falsecount="0"/>
      <line num="90" count="16" type="cond" truecount="1" falsecount="1"/>
      <line num="91" count="16" type="cond" truecount="2" falsecount="0"/>
      <line num="92" count="16" type="cond" truecount="1" falsecount="1"/>
      <line num="93" count="16" type="cond" truecount="2" falsecount="0"/>
      <line num="94" count="16" type="cond" truecount="1" falsecount="1"/>
      <line num="95" count="16" type="cond" truecount="2" falsecount="0"/>
      <line num="96" count="15" type="cond" truecount="2" falsecount="0"/>
      <line num="100" count="16" type="cond" truecount="2" falsecount="0"/>
      <line num="101" count="3" type="cond" truecount="1" falsecount="1"/>
      <line num="102" count="3" type="cond" truecount="1" falsecount="1"/>
      <line num="103" count="3" type="cond" truecount="1" falsecount="1"/>
      <line num="104" count="3" type="cond" truecount="1" falsecount="1"/>
      <line num="105" count="3" type="cond" truecount="1" falsecount="1"/>
      <line num="106" count="3" type="cond" truecount="1" falsecount="1"/>
      <line num="109" count="16" type="stmt"/>
      <line num="112" count="15" type="stmt"/>
      <line num="113" count="1" type="stmt"/>
      <line num="114" count="1" type="stmt"/>
      <line num="115" count="1" type="cond" truecount="2" falsecount="2"/>
      <line num="116" count="1" type="cond" truecount="1" falsecount="1"/>
      <line num="117" count="1" type="cond" truecount="1" falsecount="1"/>
      <line num="118" count="1" type="stmt"/>
      <line num="121" count="15" type="stmt"/>
    </file>
    <file name="commandsSchemaParser.ts" path="C:\Users\AFA\Documents\GitHub\hexllama\src\main\commandsSchemaParser.ts">
      <metrics statements="168" coveredstatements="165" conditionals="165" coveredconditionals="153" methods="18" coveredmethods="18"/>
      <line num="13" count="3" type="stmt"/>
      <line num="14" count="3" type="stmt"/>
      <line num="15" count="3" type="stmt"/>
      <line num="18" count="977" type="stmt"/>
      <line num="19" count="977" type="cond" truecount="1" falsecount="1"/>
      <line num="21" count="977" type="stmt"/>
      <line num="22" count="977" type="stmt"/>
      <line num="23" count="977" type="stmt"/>
      <line num="24" count="1586" type="stmt"/>
      <line num="25" count="1586" type="cond" truecount="2" falsecount="0"/>
      <line num="26" count="1586" type="cond" truecount="2" falsecount="0"/>
      <line num="27" count="609" type="stmt"/>
      <line num="28" count="609" type="stmt"/>
      <line num="30" count="977" type="cond" truecount="1" falsecount="1"/>
      <line num="31" count="977" type="stmt"/>
      <line num="32" count="977" type="cond" truecount="1" falsecount="1"/>
      <line num="33" count="977" type="stmt"/>
      <line num="35" count="977" type="stmt"/>
      <line num="36" count="977" type="stmt"/>
      <line num="37" count="977" type="cond" truecount="2" falsecount="0"/>
      <line num="38" count="930" type="stmt"/>
      <line num="39" count="930" type="stmt"/>
      <line num="40" count="930" type="cond" truecount="4" falsecount="0"/>
      <line num="41" count="707" type="stmt"/>
      <line num="42" count="707" type="cond" truecount="2" falsecount="0"/>
      <line num="44" count="223" type="stmt"/>
      <line num="48" count="1586" type="stmt"/>
      <line num="49" count="1586" type="cond" truecount="2" falsecount="0"/>
      <line num="50" count="1244" type="stmt"/>
      <line num="51" count="1244" type="stmt"/>
      <line num="52" count="977" type="cond" truecount="2" falsecount="0"/>
      <line num="53" count="1129" type="stmt"/>
      <line num="54" count="977" type="cond" truecount="2" falsecount="0"/>
      <line num="55" count="977" type="cond" truecount="3" falsecount="0"/>
      <line num="57" count="977" type="stmt"/>
      <line num="61" count="930" type="cond" truecount="1" falsecount="1"/>
      <line num="62" count="930" type="cond" truecount="2" falsecount="0"/>
      <line num="63" count="348" type="cond" truecount="4" falsecount="0"/>
      <line num="64" count="327" type="cond" truecount="2" falsecount="0"/>
      <line num="65" count="60" type="cond" truecount="5" falsecount="0"/>
      <line num="67" count="275" type="cond" truecount="4" falsecount="0"/>
      <line num="68" count="263" type="cond" truecount="2" falsecount="0"/>
      <line num="69" count="251" type="cond" truecount="4" falsecount="0"/>
      <line num="70" count="223" type="stmt"/>
      <line num="74" count="3455" type="cond" truecount="2" falsecount="0"/>
      <line num="77" count="2527" type="cond" truecount="2" falsecount="0"/>
      <line num="81" count="618" type="cond" truecount="4" falsecount="0"/>
      <line num="82" count="422" type="stmt"/>
      <line num="83" count="422" type="cond" truecount="2" falsecount="0"/>
      <line num="84" count="171" type="cond" truecount="2" falsecount="0"/>
      <line num="85" count="109" type="cond" truecount="2" falsecount="0"/>
      <line num="89" count="45" type="stmt"/>
      <line num="91" count="196" type="stmt"/>
      <line num="95" count="287" type="stmt"/>
      <line num="96" count="287" type="cond" truecount="2" falsecount="0"/>
      <line num="98" count="251" type="cond" truecount="3" falsecount="0"/>
      <line num="99" count="287" type="cond" truecount="2" falsecount="0"/>
      <line num="100" count="287" type="stmt"/>
      <line num="102" count="287" type="stmt"/>
      <line num="106" count="13" type="stmt"/>
      <line num="107" count="13" type="stmt"/>
      <line num="108" count="13" type="stmt"/>
      <line num="109" count="13" type="stmt"/>
      <line num="110" count="2603" type="cond" truecount="2" falsecount="0"/>
      <line num="111" count="25" type="stmt"/>
      <line num="112" count="25" type="stmt"/>
      <line num="113" count="25" type="stmt"/>
      <line num="114" count="2578" type="cond" truecount="2" falsecount="0"/>
      <line num="115" count="2577" type="stmt"/>
      <line num="119" count="13" type="stmt"/>
      <line num="120" count="13" type="stmt"/>
      <line num="121" count="25" type="stmt"/>
      <line num="122" count="25" type="stmt"/>
      <line num="123" count="1002" type="stmt"/>
      <line num="124" count="1002" type="cond" truecount="2" falsecount="0"/>
      <line num="125" count="977" type="cond" truecount="1" falsecount="1"/>
      <line num="126" count="977" type="stmt"/>
      <line num="127" count="977" type="cond" truecount="1" falsecount="1"/>
      <line num="129" count="977" type="stmt"/>
      <line num="130" count="977" type="stmt"/>
      <line num="131" count="977" type="cond" truecount="2" falsecount="0"/>
      <line num="132" count="1575" type="stmt"/>
      <line num="133" count="1575" type="stmt"/>
      <line num="141" count="977" type="stmt"/>
      <line num="142" count="977" type="stmt"/>
      <line num="143" count="977" type="stmt"/>
      <line num="144" count="977" type="stmt"/>
      <line num="145" count="977" type="stmt"/>
      <line num="146" count="977" type="stmt"/>
      <line num="147" count="977" type="stmt"/>
      <line num="149" count="977" type="stmt"/>
      <line num="150" count="1575" type="stmt"/>
      <line num="151" count="1575" type="cond" truecount="2" falsecount="0"/>
      <line num="152" count="1526" type="cond" truecount="2" falsecount="0"/>
      <line num="153" count="511" type="stmt"/>
      <line num="154" count="511" type="cond" truecount="1" falsecount="1"/>
      <line num="155" count="511" type="stmt"/>
      <line num="157" count="1015" type="cond" truecount="2" falsecount="0"/>
      <line num="158" count="16" type="stmt"/>
      <line num="159" count="144" type="cond" truecount="1" falsecount="1"/>
      <line num="160" count="16" type="stmt"/>
      <line num="162" count="999" type="cond" truecount="1" falsecount="1"/>
      <line num="163" count="0" type="stmt"/>
      <line num="164" count="0" type="stmt"/>
      <line num="165" count="0" type="stmt"/>
      <line num="167" count="999" type="cond" truecount="2" falsecount="0"/>
      <line num="168" count="4" type="stmt"/>
      <line num="169" count="4" type="stmt"/>
      <line num="170" count="4" type="stmt"/>
      <line num="172" count="995" type="stmt"/>
      <line num="173" count="995" type="cond" truecount="4" falsecount="0"/>
      <line num="174" count="4" type="stmt"/>
      <line num="176" count="995" type="stmt"/>
      <line num="179" count="977" type="stmt"/>
      <line num="188" count="977" type="cond" truecount="4" falsecount="0"/>
      <line num="189" count="12" type="stmt"/>
      <line num="191" count="977" type="cond" truecount="4" falsecount="0"/>
      <line num="192" count="12" type="stmt"/>
      <line num="193" count="12" type="cond" truecount="1" falsecount="1"/>
      <line num="200" count="977" type="stmt"/>
      <line num="201" count="977" type="stmt"/>
      <line num="202" count="977" type="stmt"/>
      <line num="203" count="977" type="stmt"/>
      <line num="204" count="977" type="cond" truecount="2" falsecount="0"/>
      <line num="210" count="618" type="stmt"/>
      <line num="211" count="618" type="stmt"/>
      <line num="212" count="618" type="cond" truecount="2" falsecount="0"/>
      <line num="213" count="618" type="stmt"/>
      <line num="216" count="977" type="stmt"/>
      <line num="218" count="977" type="cond" truecount="2" falsecount="0"/>
      <line num="219" count="270" type="stmt"/>
      <line num="220" count="707" type="cond" truecount="2" falsecount="0"/>
      <line num="221" count="4" type="stmt"/>
      <line num="222" count="703" type="cond" truecount="2" falsecount="0"/>
      <line num="223" count="16" type="stmt"/>
      <line num="224" count="16" type="stmt"/>
      <line num="225" count="687" type="cond" truecount="4" falsecount="0"/>
      <line num="226" count="336" type="stmt"/>
      <line num="227" count="351" type="cond" truecount="2" falsecount="0"/>
      <line num="228" count="12" type="stmt"/>
      <line num="229" count="48" type="stmt"/>
      <line num="230" count="339" type="cond" truecount="4" falsecount="0"/>
      <line num="234" count="17" type="stmt"/>
      <line num="235" count="47" type="stmt"/>
      <line num="236" count="322" type="cond" truecount="4" falsecount="0"/>
      <line num="245" count="104" type="stmt"/>
      <line num="246" count="60" type="cond" truecount="2" falsecount="0"/>
      <line num="247" count="28" type="cond" truecount="2" falsecount="0"/>
      <line num="248" count="4" type="stmt"/>
      <line num="249" count="4" type="stmt"/>
      <line num="253" count="977" type="stmt"/>
      <line num="259" count="977" type="cond" truecount="2" falsecount="0"/>
      <line num="260" count="977" type="cond" truecount="2" falsecount="0"/>
      <line num="261" count="977" type="cond" truecount="2" falsecount="0"/>
      <line num="262" count="977" type="cond" truecount="2" falsecount="0"/>
      <line num="263" count="977" type="cond" truecount="2" falsecount="0"/>
      <line num="264" count="618" type="stmt"/>
      <line num="265" count="618" type="cond" truecount="1" falsecount="1"/>
      <line num="266" count="618" type="cond" truecount="2" falsecount="0"/>
      <line num="267" count="287" type="stmt"/>
      <line num="268" count="287" type="cond" truecount="2" falsecount="0"/>
      <line num="271" count="977" type="cond" truecount="2" falsecount="0"/>
      <line num="272" count="977" type="cond" truecount="2" falsecount="0"/>
      <line num="273" count="977" type="cond" truecount="2" falsecount="0"/>
      <line num="274" count="16" type="stmt"/>
      <line num="275" count="16" type="cond" truecount="1" falsecount="1"/>
      <line num="277" count="977" type="stmt"/>
      <line num="280" count="13" type="stmt"/>
    </file>
    <file name="schemas.ts" path="C:\Users\AFA\Documents\GitHub\hexllama\src\main\schemas.ts">
      <metrics statements="20" coveredstatements="20" conditionals="0" coveredconditionals="0" methods="0" coveredmethods="0"/>
      <line num="3" count="4" type="stmt"/>
      <line num="5" count="4" type="stmt"/>
      <line num="10" count="4" type="stmt"/>
      <line num="11" count="4" type="stmt"/>
      <line num="15" count="4" type="stmt"/>
      <line num="19" count="4" type="stmt"/>
      <line num="23" count="4" type="stmt"/>
      <line num="27" count="4" type="stmt"/>
      <line num="30" count="4" type="stmt"/>
      <line num="35" count="4" type="stmt"/>
      <line num="38" count="4" type="stmt"/>
      <line num="45" count="4" type="stmt"/>
      <line num="56" count="4" type="stmt"/>
      <line num="74" count="4" type="stmt"/>
      <line num="80" count="4" type="stmt"/>
      <line num="88" count="4" type="stmt"/>
      <line num="100" count="4" type="stmt"/>
      <line num="110" count="4" type="stmt"/>
      <line num="117" count="4" type="stmt"/>
      <line num="122" count="4" type="stmt"/>
    </file>
  </project>
</coverage>
