{"C:\\Users\\AFA\\Documents\\GitHub\\hexllama\\src\\main\\commandsSchemaGenerator.ts": {"path":"C:\\Users\\AFA\\Documents\\GitHub\\hexllama\\src\\main\\commandsSchemaGenerator.ts","statementMap":{"0":{"start":{"line":29,"column":27},"end":{"line":29,"column":null}},"1":{"start":{"line":32,"column":2},"end":{"line":45,"column":null}},"2":{"start":{"line":33,"column":10},"end":{"line":33,"column":null}},"3":{"start":{"line":34,"column":17},"end":{"line":34,"column":null}},"4":{"start":{"line":35,"column":18},"end":{"line":35,"column":null}},"5":{"start":{"line":35,"column":35},"end":{"line":35,"column":49}},"6":{"start":{"line":36,"column":4},"end":{"line":36,"column":null}},"7":{"start":{"line":36,"column":38},"end":{"line":36,"column":61}},"8":{"start":{"line":37,"column":4},"end":{"line":40,"column":null}},"9":{"start":{"line":38,"column":6},"end":{"line":38,"column":null}},"10":{"start":{"line":39,"column":6},"end":{"line":39,"column":null}},"11":{"start":{"line":41,"column":4},"end":{"line":44,"column":null}},"12":{"start":{"line":42,"column":6},"end":{"line":42,"column":null}},"13":{"start":{"line":43,"column":6},"end":{"line":43,"column":null}},"14":{"start":{"line":49,"column":54},"end":{"line":49,"column":null}},"15":{"start":{"line":50,"column":16},"end":{"line":50,"column":null}},"16":{"start":{"line":54,"column":17},"end":{"line":54,"column":null}},"17":{"start":{"line":55,"column":8},"end":{"line":55,"column":null}},"18":{"start":{"line":56,"column":2},"end":{"line":58,"column":null}},"19":{"start":{"line":57,"column":4},"end":{"line":57,"column":null}},"20":{"start":{"line":59,"column":27},"end":{"line":59,"column":null}},"21":{"start":{"line":60,"column":2},"end":{"line":62,"column":null}},"22":{"start":{"line":61,"column":4},"end":{"line":61,"column":null}},"23":{"start":{"line":63,"column":8},"end":{"line":63,"column":null}},"24":{"start":{"line":64,"column":2},"end":{"line":66,"column":null}},"25":{"start":{"line":65,"column":4},"end":{"line":65,"column":null}},"26":{"start":{"line":67,"column":19},"end":{"line":67,"column":null}},"27":{"start":{"line":67,"column":49},"end":{"line":67,"column":58}},"28":{"start":{"line":67,"column":87},"end":{"line":67,"column":97}},"29":{"start":{"line":68,"column":43},"end":{"line":75,"column":null}},"30":{"start":{"line":71,"column":41},"end":{"line":74,"column":6}},"31":{"start":{"line":73,"column":37},"end":{"line":73,"column":58}},"32":{"start":{"line":77,"column":2},"end":{"line":81,"column":null}},"33":{"start":{"line":78,"column":4},"end":{"line":78,"column":null}},"34":{"start":{"line":80,"column":4},"end":{"line":80,"column":null}},"35":{"start":{"line":82,"column":8},"end":{"line":82,"column":null}},"36":{"start":{"line":83,"column":14},"end":{"line":83,"column":null}},"37":{"start":{"line":84,"column":2},"end":{"line":84,"column":null}},"38":{"start":{"line":85,"column":2},"end":{"line":85,"column":null}},"39":{"start":{"line":86,"column":2},"end":{"line":86,"column":null}},"40":{"start":{"line":86,"column":87},"end":{"line":86,"column":110}}},"fnMap":{"0":{"name":"defaultSpawn","decl":{"start":{"line":31,"column":15},"end":{"line":31,"column":28}},"loc":{"start":{"line":31,"column":108},"end":{"line":46,"column":null}},"line":31},"1":{"name":"(anonymous_1)","decl":{"start":{"line":32,"column":13},"end":{"line":32,"column":35}},"loc":{"start":{"line":32,"column":47},"end":{"line":45,"column":3}},"line":32},"2":{"name":"(anonymous_2)","decl":{"start":{"line":35,"column":18},"end":{"line":35,"column":35}},"loc":{"start":{"line":35,"column":35},"end":{"line":35,"column":49}},"line":35},"3":{"name":"(anonymous_3)","decl":{"start":{"line":36,"column":21},"end":{"line":36,"column":30}},"loc":{"start":{"line":36,"column":36},"end":{"line":36,"column":62}},"line":36},"4":{"name":"(anonymous_4)","decl":{"start":{"line":37,"column":13},"end":{"line":37,"column":22}},"loc":{"start":{"line":37,"column":31},"end":{"line":40,"column":5}},"line":37},"5":{"name":"(anonymous_5)","decl":{"start":{"line":41,"column":13},"end":{"line":41,"column":28}},"loc":{"start":{"line":41,"column":28},"end":{"line":44,"column":5}},"line":41},"6":{"name":"generateCommandsSchema","decl":{"start":{"line":48,"column":22},"end":{"line":48,"column":45}},"loc":{"start":{"line":48,"column":93},"end":{"line":87,"column":null}},"line":48},"7":{"name":"(anonymous_7)","decl":{"start":{"line":67,"column":40},"end":{"line":67,"column":44}},"loc":{"start":{"line":67,"column":49},"end":{"line":67,"column":58}},"line":67},"8":{"name":"(anonymous_8)","decl":{"start":{"line":67,"column":60},"end":{"line":67,"column":68}},"loc":{"start":{"line":67,"column":87},"end":{"line":67,"column":97}},"line":67},"9":{"name":"(anonymous_9)","decl":{"start":{"line":71,"column":25},"end":{"line":71,"column":29}},"loc":{"start":{"line":71,"column":41},"end":{"line":74,"column":6}},"line":71},"10":{"name":"(anonymous_10)","decl":{"start":{"line":73,"column":25},"end":{"line":73,"column":32}},"loc":{"start":{"line":73,"column":37},"end":{"line":73,"column":58}},"line":73},"11":{"name":"(anonymous_11)","decl":{"start":{"line":86,"column":70},"end":{"line":86,"column":78}},"loc":{"start":{"line":86,"column":87},"end":{"line":86,"column":110}},"line":86}},"branchMap":{"0":{"loc":{"start":{"line":39,"column":22},"end":{"line":39,"column":34}},"type":"binary-expr","locations":[{"start":{"line":39,"column":22},"end":{"line":39,"column":30}},{"start":{"line":39,"column":30},"end":{"line":39,"column":34}}],"line":39},"1":{"loc":{"start":{"line":49,"column":19},"end":{"line":49,"column":54}},"type":"default-arg","locations":[{"start":{"line":49,"column":31},"end":{"line":49,"column":54}}],"line":49},"2":{"loc":{"start":{"line":50,"column":16},"end":{"line":50,"column":null}},"type":"binary-expr","locations":[{"start":{"line":50,"column":16},"end":{"line":50,"column":30}},{"start":{"line":50,"column":30},"end":{"line":50,"column":null}}],"line":50},"3":{"loc":{"start":{"line":54,"column":17},"end":{"line":54,"column":null}},"type":"binary-expr","locations":[{"start":{"line":54,"column":17},"end":{"line":54,"column":32}},{"start":{"line":54,"column":25},"end":{"line":54,"column":null}}],"line":54},"4":{"loc":{"start":{"line":55,"column":8},"end":{"line":55,"column":null}},"type":"cond-expr","locations":[{"start":{"line":55,"column":35},"end":{"line":55,"column":44}},{"start":{"line":55,"column":35},"end":{"line":55,"column":null}}],"line":55},"5":{"loc":{"start":{"line":56,"column":2},"end":{"line":58,"column":null}},"type":"if","locations":[{"start":{"line":56,"column":2},"end":{"line":58,"column":null}},{"start":{},"end":{}}],"line":56},"6":{"loc":{"start":{"line":60,"column":2},"end":{"line":62,"column":null}},"type":"if","locations":[{"start":{"line":60,"column":2},"end":{"line":62,"column":null}},{"start":{},"end":{}}],"line":60},"7":{"loc":{"start":{"line":64,"column":2},"end":{"line":66,"column":null}},"type":"if","locations":[{"start":{"line":64,"column":2},"end":{"line":66,"column":null}},{"start":{},"end":{}}],"line":64}},"s":{"0":1,"1":0,"2":0,"3":0,"4":0,"5":0,"6":0,"7":0,"8":0,"9":0,"10":0,"11":0,"12":0,"13":0,"14":5,"15":5,"16":5,"17":5,"18":5,"19":1,"20":4,"21":4,"22":1,"23":3,"24":3,"25":1,"26":2,"27":2,"28":2,"29":2,"30":2,"31":2,"32":2,"33":2,"34":0,"35":2,"36":2,"37":2,"38":2,"39":2,"40":2},"f":{"0":0,"1":0,"2":0,"3":0,"4":0,"5":0,"6":5,"7":2,"8":2,"9":2,"10":2,"11":2},"b":{"0":[0,0],"1":[5],"2":[5,0],"3":[5,0],"4":[5,0],"5":[1,4],"6":[1,3],"7":[1,2]},"meta":{"lastBranch":8,"lastFunction":12,"lastStatement":41,"seen":{"s:29:27:29:Infinity":0,"f:31:15:31:28":0,"s:32:2:45:Infinity":1,"f:32:13:32:35":1,"s:33:10:33:Infinity":2,"s:34:17:34:Infinity":3,"s:35:18:35:Infinity":4,"f:35:18:35:35":2,"s:35:35:35:49":5,"s:36:4:36:Infinity":6,"f:36:21:36:30":3,"s:36:38:36:61":7,"s:37:4:40:Infinity":8,"f:37:13:37:22":4,"s:38:6:38:Infinity":9,"s:39:6:39:Infinity":10,"b:39:22:39:30:39:30:39:34":0,"s:41:4:44:Infinity":11,"f:41:13:41:28":5,"s:42:6:42:Infinity":12,"s:43:6:43:Infinity":13,"f:48:22:48:45":6,"s:49:54:49:Infinity":14,"b:49:31:49:54":1,"s:50:16:50:Infinity":15,"b:50:16:50:30:50:30:50:Infinity":2,"s:54:17:54:Infinity":16,"b:54:17:54:32:54:25:54:Infinity":3,"s:55:8:55:Infinity":17,"b:55:35:55:44:55:35:55:Infinity":4,"b:56:2:58:Infinity:undefined:undefined:undefined:undefined":5,"s:56:2:58:Infinity":18,"s:57:4:57:Infinity":19,"s:59:27:59:Infinity":20,"b:60:2:62:Infinity:undefined:undefined:undefined:undefined":6,"s:60:2:62:Infinity":21,"s:61:4:61:Infinity":22,"s:63:8:63:Infinity":23,"b:64:2:66:Infinity:undefined:undefined:undefined:undefined":7,"s:64:2:66:Infinity":24,"s:65:4:65:Infinity":25,"s:67:19:67:Infinity":26,"f:67:40:67:44":7,"s:67:49:67:58":27,"f:67:60:67:68":8,"s:67:87:67:97":28,"s:68:43:75:Infinity":29,"f:71:25:71:29":9,"s:71:41:74:6":30,"f:73:25:73:32":10,"s:73:37:73:58":31,"s:77:2:81:Infinity":32,"s:78:4:78:Infinity":33,"s:80:4:80:Infinity":34,"s:82:8:82:Infinity":35,"s:83:14:83:Infinity":36,"s:84:2:84:Infinity":37,"s:85:2:85:Infinity":38,"s:86:2:86:Infinity":39,"f:86:70:86:78":11,"s:86:87:86:110":40}}}
,"C:\\Users\\AFA\\Documents\\GitHub\\hexllama\\src\\main\\commandsSchemaLoader.ts": {"path":"C:\\Users\\AFA\\Documents\\GitHub\\hexllama\\src\\main\\commandsSchemaLoader.ts","statementMap":{"0":{"start":{"line":19,"column":14},"end":{"line":19,"column":null}},"1":{"start":{"line":22,"column":2},"end":{"line":22,"column":null}},"2":{"start":{"line":26,"column":2},"end":{"line":26,"column":null}},"3":{"start":{"line":26,"column":22},"end":{"line":26,"column":null}},"4":{"start":{"line":27,"column":2},"end":{"line":31,"column":null}},"5":{"start":{"line":28,"column":4},"end":{"line":28,"column":null}},"6":{"start":{"line":30,"column":4},"end":{"line":30,"column":null}},"7":{"start":{"line":35,"column":2},"end":{"line":35,"column":null}},"8":{"start":{"line":35,"column":46},"end":{"line":35,"column":null}},"9":{"start":{"line":36,"column":25},"end":{"line":36,"column":null}},"10":{"start":{"line":37,"column":2},"end":{"line":41,"column":null}},"11":{"start":{"line":38,"column":4},"end":{"line":40,"column":null}},"12":{"start":{"line":39,"column":6},"end":{"line":39,"column":null}},"13":{"start":{"line":42,"column":2},"end":{"line":42,"column":null}},"14":{"start":{"line":46,"column":8},"end":{"line":46,"column":null}},"15":{"start":{"line":47,"column":2},"end":{"line":56,"column":null}},"16":{"start":{"line":48,"column":4},"end":{"line":55,"column":null}},"17":{"start":{"line":49,"column":6},"end":{"line":49,"column":null}},"18":{"start":{"line":50,"column":6},"end":{"line":50,"column":null}},"19":{"start":{"line":51,"column":6},"end":{"line":51,"column":null}},"20":{"start":{"line":53,"column":6},"end":{"line":53,"column":null}},"21":{"start":{"line":54,"column":6},"end":{"line":54,"column":null}},"22":{"start":{"line":57,"column":2},"end":{"line":57,"column":null}},"23":{"start":{"line":61,"column":8},"end":{"line":61,"column":null}},"24":{"start":{"line":62,"column":22},"end":{"line":62,"column":null}},"25":{"start":{"line":63,"column":8},"end":{"line":63,"column":null}},"26":{"start":{"line":65,"column":20},"end":{"line":65,"column":null}},"27":{"start":{"line":66,"column":17},"end":{"line":66,"column":null}},"28":{"start":{"line":67,"column":2},"end":{"line":67,"column":null}},"29":{"start":{"line":67,"column":48},"end":{"line":67,"column":null}},"30":{"start":{"line":69,"column":24},"end":{"line":69,"column":null}},"31":{"start":{"line":70,"column":2},"end":{"line":73,"column":null}},"32":{"start":{"line":71,"column":4},"end":{"line":71,"column":null}},"33":{"start":{"line":72,"column":4},"end":{"line":72,"column":null}},"34":{"start":{"line":74,"column":21},"end":{"line":74,"column":null}},"35":{"start":{"line":75,"column":23},"end":{"line":75,"column":null}},"36":{"start":{"line":76,"column":8},"end":{"line":76,"column":null}},"37":{"start":{"line":77,"column":2},"end":{"line":77,"column":null}},"38":{"start":{"line":78,"column":2},"end":{"line":78,"column":null}}},"fnMap":{"0":{"name":"resetLoaderCache","decl":{"start":{"line":21,"column":16},"end":{"line":21,"column":41}},"loc":{"start":{"line":21,"column":41},"end":{"line":23,"column":null}},"line":21},"1":{"name":"readJSON","decl":{"start":{"line":25,"column":9},"end":{"line":25,"column":21}},"loc":{"start":{"line":25,"column":42},"end":{"line":32,"column":null}},"line":25},"2":{"name":"structuralToCommands","decl":{"start":{"line":34,"column":9},"end":{"line":34,"column":30}},"loc":{"start":{"line":34,"column":51},"end":{"line":43,"column":null}},"line":34},"3":{"name":"hashMtimes","decl":{"start":{"line":45,"column":9},"end":{"line":45,"column":20}},"loc":{"start":{"line":45,"column":45},"end":{"line":58,"column":null}},"line":45},"4":{"name":"loadMergedSchema","decl":{"start":{"line":60,"column":22},"end":{"line":60,"column":39}},"loc":{"start":{"line":60,"column":92},"end":{"line":79,"column":null}},"line":60}},"branchMap":{"0":{"loc":{"start":{"line":26,"column":2},"end":{"line":26,"column":null}},"type":"if","locations":[{"start":{"line":26,"column":2},"end":{"line":26,"column":null}},{"start":{},"end":{}}],"line":26},"1":{"loc":{"start":{"line":35,"column":2},"end":{"line":35,"column":null}},"type":"if","locations":[{"start":{"line":35,"column":2},"end":{"line":35,"column":null}},{"start":{},"end":{}}],"line":35},"2":{"loc":{"start":{"line":35,"column":6},"end":{"line":35,"column":46}},"type":"binary-expr","locations":[{"start":{"line":35,"column":6},"end":{"line":35,"column":14}},{"start":{"line":35,"column":14},"end":{"line":35,"column":46}}],"line":35},"3":{"loc":{"start":{"line":38,"column":22},"end":{"line":38,"column":42}},"type":"binary-expr","locations":[{"start":{"line":38,"column":22},"end":{"line":38,"column":38}},{"start":{"line":38,"column":38},"end":{"line":38,"column":42}}],"line":38},"4":{"loc":{"start":{"line":39,"column":34},"end":{"line":39,"column":58}},"type":"binary-expr","locations":[{"start":{"line":39,"column":34},"end":{"line":39,"column":49}},{"start":{"line":39,"column":49},"end":{"line":39,"column":58}}],"line":39},"5":{"loc":{"start":{"line":48,"column":4},"end":{"line":55,"column":null}},"type":"if","locations":[{"start":{"line":48,"column":4},"end":{"line":55,"column":null}},{"start":{"line":52,"column":11},"end":{"line":55,"column":null}}],"line":48},"6":{"loc":{"start":{"line":62,"column":22},"end":{"line":62,"column":null}},"type":"cond-expr","locations":[{"start":{"line":62,"column":27},"end":{"line":62,"column":89}},{"start":{"line":62,"column":89},"end":{"line":62,"column":null}}],"line":62},"7":{"loc":{"start":{"line":65,"column":46},"end":{"line":65,"column":65}},"type":"binary-expr","locations":[{"start":{"line":65,"column":46},"end":{"line":65,"column":61}},{"start":{"line":65,"column":61},"end":{"line":65,"column":65}}],"line":65},"8":{"loc":{"start":{"line":67,"column":2},"end":{"line":67,"column":null}},"type":"if","locations":[{"start":{"line":67,"column":2},"end":{"line":67,"column":null}},{"start":{},"end":{}}],"line":67},"9":{"loc":{"start":{"line":67,"column":6},"end":{"line":67,"column":48}},"type":"binary-expr","locations":[{"start":{"line":67,"column":6},"end":{"line":67,"column":16}},{"start":{"line":67,"column":16},"end":{"line":67,"column":48}}],"line":67},"10":{"loc":{"start":{"line":69,"column":24},"end":{"line":69,"column":null}},"type":"binary-expr","locations":[{"start":{"line":69,"column":24},"end":{"line":69,"column":56}},{"start":{"line":69,"column":56},"end":{"line":69,"column":null}}],"line":69},"11":{"loc":{"start":{"line":69,"column":56},"end":{"line":69,"column":null}},"type":"cond-expr","locations":[{"start":{"line":69,"column":70},"end":{"line":69,"column":99}},{"start":{"line":69,"column":99},"end":{"line":69,"column":null}}],"line":69},"12":{"loc":{"start":{"line":70,"column":2},"end":{"line":73,"column":null}},"type":"if","locations":[{"start":{"line":70,"column":2},"end":{"line":73,"column":null}},{"start":{},"end":{}}],"line":70}},"s":{"0":2,"1":8,"2":17,"3":9,"4":8,"5":8,"6":0,"7":7,"8":0,"9":7,"10":7,"11":7,"12":7,"13":7,"14":10,"15":10,"16":30,"17":9,"18":9,"19":9,"20":21,"21":21,"22":10,"23":10,"24":10,"25":10,"26":10,"27":10,"28":10,"29":1,"30":9,"31":10,"32":2,"33":2,"34":7,"35":7,"36":7,"37":7,"38":7},"f":{"0":8,"1":17,"2":7,"3":10,"4":10},"b":{"0":[9,8],"1":[0,7],"2":[7,7],"3":[7,0],"4":[7,0],"5":[9,21],"6":[1,9],"7":[10,9],"8":[1,9],"9":[10,2],"10":[9,3],"11":[1,2],"12":[2,8]},"meta":{"lastBranch":13,"lastFunction":5,"lastStatement":39,"seen":{"s:19:14:19:Infinity":0,"f:21:16:21:41":0,"s:22:2:22:Infinity":1,"f:25:9:25:21":1,"b:26:2:26:Infinity:undefined:undefined:undefined:undefined":0,"s:26:2:26:Infinity":2,"s:26:22:26:Infinity":3,"s:27:2:31:Infinity":4,"s:28:4:28:Infinity":5,"s:30:4:30:Infinity":6,"f:34:9:34:30":2,"b:35:2:35:Infinity:undefined:undefined:undefined:undefined":1,"s:35:2:35:Infinity":7,"b:35:6:35:14:35:14:35:46":2,"s:35:46:35:Infinity":8,"s:36:25:36:Infinity":9,"s:37:2:41:Infinity":10,"s:38:4:40:Infinity":11,"b:38:22:38:38:38:38:38:42":3,"s:39:6:39:Infinity":12,"b:39:34:39:49:39:49:39:58":4,"s:42:2:42:Infinity":13,"f:45:9:45:20":3,"s:46:8:46:Infinity":14,"s:47:2:56:Infinity":15,"b:48:4:55:Infinity:52:11:55:Infinity":5,"s:48:4:55:Infinity":16,"s:49:6:49:Infinity":17,"s:50:6:50:Infinity":18,"s:51:6:51:Infinity":19,"s:53:6:53:Infinity":20,"s:54:6:54:Infinity":21,"s:57:2:57:Infinity":22,"f:60:22:60:39":4,"s:61:8:61:Infinity":23,"s:62:22:62:Infinity":24,"b:62:27:62:89:62:89:62:Infinity":6,"s:63:8:63:Infinity":25,"s:65:20:65:Infinity":26,"b:65:46:65:61:65:61:65:65":7,"s:66:17:66:Infinity":27,"b:67:2:67:Infinity:undefined:undefined:undefined:undefined":8,"s:67:2:67:Infinity":28,"b:67:6:67:16:67:16:67:48":9,"s:67:48:67:Infinity":29,"s:69:24:69:Infinity":30,"b:69:24:69:56:69:56:69:Infinity":10,"b:69:70:69:99:69:99:69:Infinity":11,"b:70:2:73:Infinity:undefined:undefined:undefined:undefined":12,"s:70:2:73:Infinity":31,"s:71:4:71:Infinity":32,"s:72:4:72:Infinity":33,"s:74:21:74:Infinity":34,"s:75:23:75:Infinity":35,"s:76:8:76:Infinity":36,"s:77:2:77:Infinity":37,"s:78:2:78:Infinity":38}}}
,"C:\\Users\\AFA\\Documents\\GitHub\\hexllama\\src\\main\\commandsSchemaMerger.ts": {"path":"C:\\Users\\AFA\\Documents\\GitHub\\hexllama\\src\\main\\commandsSchemaMerger.ts","statementMap":{"0":{"start":{"line":3,"column":23},"end":{"line":6,"column":null}},"1":{"start":{"line":14,"column":2},"end":{"line":14,"column":null}},"2":{"start":{"line":14,"column":52},"end":{"line":14,"column":91}},"3":{"start":{"line":18,"column":2},"end":{"line":18,"column":null}},"4":{"start":{"line":18,"column":29},"end":{"line":18,"column":null}},"5":{"start":{"line":19,"column":2},"end":{"line":21,"column":null}},"6":{"start":{"line":20,"column":4},"end":{"line":20,"column":null}},"7":{"start":{"line":20,"column":29},"end":{"line":20,"column":null}},"8":{"start":{"line":22,"column":2},"end":{"line":24,"column":null}},"9":{"start":{"line":23,"column":4},"end":{"line":23,"column":null}},"10":{"start":{"line":23,"column":27},"end":{"line":23,"column":null}},"11":{"start":{"line":25,"column":2},"end":{"line":25,"column":null}},"12":{"start":{"line":29,"column":14},"end":{"line":29,"column":null}},"13":{"start":{"line":30,"column":2},"end":{"line":30,"column":null}},"14":{"start":{"line":30,"column":21},"end":{"line":30,"column":null}},"15":{"start":{"line":31,"column":2},"end":{"line":33,"column":null}},"16":{"start":{"line":32,"column":4},"end":{"line":32,"column":null}},"17":{"start":{"line":32,"column":34},"end":{"line":32,"column":null}},"18":{"start":{"line":34,"column":2},"end":{"line":34,"column":null}},"19":{"start":{"line":41,"column":2},"end":{"line":41,"column":null}},"20":{"start":{"line":41,"column":29},"end":{"line":41,"column":null}},"21":{"start":{"line":42,"column":2},"end":{"line":44,"column":null}},"22":{"start":{"line":43,"column":4},"end":{"line":43,"column":null}},"23":{"start":{"line":43,"column":29},"end":{"line":43,"column":null}},"24":{"start":{"line":45,"column":2},"end":{"line":47,"column":null}},"25":{"start":{"line":46,"column":4},"end":{"line":46,"column":null}},"26":{"start":{"line":46,"column":27},"end":{"line":46,"column":null}},"27":{"start":{"line":48,"column":2},"end":{"line":48,"column":null}},"28":{"start":{"line":56,"column":21},"end":{"line":56,"column":null}},"29":{"start":{"line":57,"column":19},"end":{"line":57,"column":null}},"30":{"start":{"line":59,"column":2},"end":{"line":110,"column":null}},"31":{"start":{"line":60,"column":20},"end":{"line":60,"column":null}},"32":{"start":{"line":61,"column":22},"end":{"line":61,"column":null}},"33":{"start":{"line":63,"column":28},"end":{"line":63,"column":null}},"34":{"start":{"line":64,"column":25},"end":{"line":64,"column":null}},"35":{"start":{"line":65,"column":25},"end":{"line":65,"column":null}},"36":{"start":{"line":67,"column":25},"end":{"line":67,"column":null}},"37":{"start":{"line":68,"column":25},"end":{"line":68,"column":null}},"38":{"start":{"line":70,"column":4},"end":{"line":72,"column":null}},"39":{"start":{"line":71,"column":6},"end":{"line":71,"column":null}},"40":{"start":{"line":74,"column":38},"end":{"line":79,"column":null}},"41":{"start":{"line":80,"column":4},"end":{"line":80,"column":null}},"42":{"start":{"line":80,"column":23},"end":{"line":80,"column":null}},"43":{"start":{"line":81,"column":4},"end":{"line":81,"column":null}},"44":{"start":{"line":81,"column":39},"end":{"line":81,"column":null}},"45":{"start":{"line":82,"column":4},"end":{"line":82,"column":null}},"46":{"start":{"line":82,"column":21},"end":{"line":82,"column":null}},"47":{"start":{"line":83,"column":4},"end":{"line":83,"column":null}},"48":{"start":{"line":83,"column":25},"end":{"line":83,"column":null}},"49":{"start":{"line":84,"column":4},"end":{"line":87,"column":null}},"50":{"start":{"line":85,"column":6},"end":{"line":85,"column":null}},"51":{"start":{"line":86,"column":6},"end":{"line":86,"column":null}},"52":{"start":{"line":86,"column":35},"end":{"line":86,"column":null}},"53":{"start":{"line":88,"column":4},"end":{"line":89,"column":null}},"54":{"start":{"line":88,"column":46},"end":{"line":88,"column":null}},"55":{"start":{"line":89,"column":9},"end":{"line":89,"column":null}},"56":{"start":{"line":89,"column":35},"end":{"line":89,"column":null}},"57":{"start":{"line":90,"column":4},"end":{"line":91,"column":null}},"58":{"start":{"line":90,"column":38},"end":{"line":90,"column":null}},"59":{"start":{"line":91,"column":9},"end":{"line":91,"column":null}},"60":{"start":{"line":91,"column":41},"end":{"line":91,"column":null}},"61":{"start":{"line":92,"column":4},"end":{"line":93,"column":null}},"62":{"start":{"line":92,"column":38},"end":{"line":92,"column":null}},"63":{"start":{"line":93,"column":9},"end":{"line":93,"column":null}},"64":{"start":{"line":93,"column":41},"end":{"line":93,"column":null}},"65":{"start":{"line":94,"column":4},"end":{"line":96,"column":null}},"66":{"start":{"line":94,"column":39},"end":{"line":94,"column":null}},"67":{"start":{"line":95,"column":9},"end":{"line":96,"column":null}},"68":{"start":{"line":95,"column":42},"end":{"line":95,"column":null}},"69":{"start":{"line":96,"column":9},"end":{"line":96,"column":null}},"70":{"start":{"line":96,"column":41},"end":{"line":96,"column":null}},"71":{"start":{"line":100,"column":4},"end":{"line":107,"column":null}},"72":{"start":{"line":101,"column":6},"end":{"line":101,"column":null}},"73":{"start":{"line":101,"column":43},"end":{"line":101,"column":null}},"74":{"start":{"line":102,"column":6},"end":{"line":102,"column":null}},"75":{"start":{"line":102,"column":47},"end":{"line":102,"column":null}},"76":{"start":{"line":103,"column":6},"end":{"line":103,"column":null}},"77":{"start":{"line":103,"column":40},"end":{"line":103,"column":null}},"78":{"start":{"line":104,"column":6},"end":{"line":104,"column":null}},"79":{"start":{"line":104,"column":41},"end":{"line":104,"column":null}},"80":{"start":{"line":105,"column":6},"end":{"line":105,"column":null}},"81":{"start":{"line":105,"column":39},"end":{"line":105,"column":null}},"82":{"start":{"line":106,"column":6},"end":{"line":106,"column":null}},"83":{"start":{"line":106,"column":43},"end":{"line":106,"column":null}},"84":{"start":{"line":109,"column":4},"end":{"line":109,"column":null}},"85":{"start":{"line":112,"column":21},"end":{"line":119,"column":null}},"86":{"start":{"line":113,"column":15},"end":{"line":113,"column":null}},"87":{"start":{"line":114,"column":15},"end":{"line":114,"column":null}},"88":{"start":{"line":115,"column":4},"end":{"line":115,"column":null}},"89":{"start":{"line":115,"column":32},"end":{"line":115,"column":null}},"90":{"start":{"line":116,"column":4},"end":{"line":116,"column":null}},"91":{"start":{"line":116,"column":19},"end":{"line":116,"column":null}},"92":{"start":{"line":117,"column":4},"end":{"line":117,"column":null}},"93":{"start":{"line":117,"column":19},"end":{"line":117,"column":null}},"94":{"start":{"line":118,"column":4},"end":{"line":118,"column":null}},"95":{"start":{"line":121,"column":2},"end":{"line":121,"column":null}}},"fnMap":{"0":{"name":"deriveLabel","decl":{"start":{"line":13,"column":9},"end":{"line":13,"column":21}},"loc":{"start":{"line":13,"column":42},"end":{"line":15,"column":null}},"line":13},"1":{"name":"(anonymous_1)","decl":{"start":{"line":14,"column":43},"end":{"line":14,"column":47}},"loc":{"start":{"line":14,"column":52},"end":{"line":14,"column":91}},"line":14},"2":{"name":"findOverlayEntry","decl":{"start":{"line":17,"column":9},"end":{"line":17,"column":26}},"loc":{"start":{"line":17,"column":58},"end":{"line":26,"column":null}},"line":17},"3":{"name":"buildUserArgsMap","decl":{"start":{"line":28,"column":9},"end":{"line":28,"column":26}},"loc":{"start":{"line":28,"column":93},"end":{"line":35,"column":null}},"line":28},"4":{"name":"findUserOverride","decl":{"start":{"line":37,"column":9},"end":{"line":37,"column":null}},"loc":{"start":{"line":40,"column":28},"end":{"line":49,"column":null}},"line":40},"5":{"name":"mergeCommandsSchema","decl":{"start":{"line":51,"column":16},"end":{"line":51,"column":null}},"loc":{"start":{"line":55,"column":20},"end":{"line":122,"column":null}},"line":55},"6":{"name":"(anonymous_6)","decl":{"start":{"line":112,"column":46},"end":{"line":112,"column":52}},"loc":{"start":{"line":112,"column":61},"end":{"line":119,"column":3}},"line":112}},"branchMap":{"0":{"loc":{"start":{"line":14,"column":52},"end":{"line":14,"column":91}},"type":"cond-expr","locations":[{"start":{"line":14,"column":56},"end":{"line":14,"column":90}},{"start":{"line":14,"column":90},"end":{"line":14,"column":91}}],"line":14},"1":{"loc":{"start":{"line":18,"column":2},"end":{"line":18,"column":null}},"type":"if","locations":[{"start":{"line":18,"column":2},"end":{"line":18,"column":null}},{"start":{},"end":{}}],"line":18},"2":{"loc":{"start":{"line":19,"column":22},"end":{"line":19,"column":44}},"type":"binary-expr","locations":[{"start":{"line":19,"column":22},"end":{"line":19,"column":40}},{"start":{"line":19,"column":40},"end":{"line":19,"column":44}}],"line":19},"3":{"loc":{"start":{"line":20,"column":4},"end":{"line":20,"column":null}},"type":"if","locations":[{"start":{"line":20,"column":4},"end":{"line":20,"column":null}},{"start":{},"end":{}}],"line":20},"4":{"loc":{"start":{"line":22,"column":20},"end":{"line":22,"column":45}},"type":"binary-expr","locations":[{"start":{"line":22,"column":20},"end":{"line":22,"column":41}},{"start":{"line":22,"column":41},"end":{"line":22,"column":45}}],"line":22},"5":{"loc":{"start":{"line":23,"column":4},"end":{"line":23,"column":null}},"type":"if","locations":[{"start":{"line":23,"column":4},"end":{"line":23,"column":null}},{"start":{},"end":{}}],"line":23},"6":{"loc":{"start":{"line":30,"column":2},"end":{"line":30,"column":null}},"type":"if","locations":[{"start":{"line":30,"column":2},"end":{"line":30,"column":null}},{"start":{},"end":{}}],"line":30},"7":{"loc":{"start":{"line":41,"column":2},"end":{"line":41,"column":null}},"type":"if","locations":[{"start":{"line":41,"column":2},"end":{"line":41,"column":null}},{"start":{},"end":{}}],"line":41},"8":{"loc":{"start":{"line":42,"column":22},"end":{"line":42,"column":44}},"type":"binary-expr","locations":[{"start":{"line":42,"column":22},"end":{"line":42,"column":40}},{"start":{"line":42,"column":40},"end":{"line":42,"column":44}}],"line":42},"9":{"loc":{"start":{"line":43,"column":4},"end":{"line":43,"column":null}},"type":"if","locations":[{"start":{"line":43,"column":4},"end":{"line":43,"column":null}},{"start":{},"end":{}}],"line":43},"10":{"loc":{"start":{"line":45,"column":20},"end":{"line":45,"column":45}},"type":"binary-expr","locations":[{"start":{"line":45,"column":20},"end":{"line":45,"column":41}},{"start":{"line":45,"column":41},"end":{"line":45,"column":45}}],"line":45},"11":{"loc":{"start":{"line":46,"column":4},"end":{"line":46,"column":null}},"type":"if","locations":[{"start":{"line":46,"column":4},"end":{"line":46,"column":null}},{"start":{},"end":{}}],"line":46},"12":{"loc":{"start":{"line":63,"column":47},"end":{"line":63,"column":null}},"type":"binary-expr","locations":[{"start":{"line":63,"column":47},"end":{"line":63,"column":66}},{"start":{"line":63,"column":66},"end":{"line":63,"column":null}}],"line":63},"13":{"loc":{"start":{"line":64,"column":25},"end":{"line":64,"column":null}},"type":"binary-expr","locations":[{"start":{"line":64,"column":25},"end":{"line":64,"column":50}},{"start":{"line":64,"column":50},"end":{"line":64,"column":null}}],"line":64},"14":{"loc":{"start":{"line":65,"column":25},"end":{"line":65,"column":null}},"type":"binary-expr","locations":[{"start":{"line":65,"column":25},"end":{"line":65,"column":50}},{"start":{"line":65,"column":50},"end":{"line":65,"column":null}}],"line":65},"15":{"loc":{"start":{"line":67,"column":25},"end":{"line":67,"column":null}},"type":"binary-expr","locations":[{"start":{"line":67,"column":25},"end":{"line":67,"column":48}},{"start":{"line":67,"column":48},"end":{"line":67,"column":69}},{"start":{"line":67,"column":69},"end":{"line":67,"column":null}}],"line":67},"16":{"loc":{"start":{"line":68,"column":25},"end":{"line":68,"column":null}},"type":"binary-expr","locations":[{"start":{"line":68,"column":25},"end":{"line":68,"column":42}},{"start":{"line":68,"column":42},"end":{"line":68,"column":null}}],"line":68},"17":{"loc":{"start":{"line":70,"column":4},"end":{"line":72,"column":null}},"type":"if","locations":[{"start":{"line":70,"column":4},"end":{"line":72,"column":null}},{"start":{},"end":{}}],"line":70},"18":{"loc":{"start":{"line":78,"column":13},"end":{"line":78,"column":null}},"type":"binary-expr","locations":[{"start":{"line":78,"column":13},"end":{"line":78,"column":33}},{"start":{"line":78,"column":33},"end":{"line":78,"column":51}},{"start":{"line":78,"column":51},"end":{"line":78,"column":null}}],"line":78},"19":{"loc":{"start":{"line":80,"column":4},"end":{"line":80,"column":null}},"type":"if","locations":[{"start":{"line":80,"column":4},"end":{"line":80,"column":null}},{"start":{},"end":{}}],"line":80},"20":{"loc":{"start":{"line":81,"column":4},"end":{"line":81,"column":null}},"type":"if","locations":[{"start":{"line":81,"column":4},"end":{"line":81,"column":null}},{"start":{},"end":{}}],"line":81},"21":{"loc":{"start":{"line":82,"column":4},"end":{"line":82,"column":null}},"type":"if","locations":[{"start":{"line":82,"column":4},"end":{"line":82,"column":null}},{"start":{},"end":{}}],"line":82},"22":{"loc":{"start":{"line":83,"column":4},"end":{"line":83,"column":null}},"type":"if","locations":[{"start":{"line":83,"column":4},"end":{"line":83,"column":null}},{"start":{},"end":{}}],"line":83},"23":{"loc":{"start":{"line":84,"column":4},"end":{"line":87,"column":null}},"type":"if","locations":[{"start":{"line":84,"column":4},"end":{"line":87,"column":null}},{"start":{},"end":{}}],"line":84},"24":{"loc":{"start":{"line":86,"column":6},"end":{"line":86,"column":null}},"type":"if","locations":[{"start":{"line":86,"column":6},"end":{"line":86,"column":null}},{"start":{},"end":{}}],"line":86},"25":{"loc":{"start":{"line":88,"column":4},"end":{"line":89,"column":null}},"type":"if","locations":[{"start":{"line":88,"column":4},"end":{"line":89,"column":null}},{"start":{"line":89,"column":9},"end":{"line":89,"column":null}}],"line":88},"26":{"loc":{"start":{"line":89,"column":9},"end":{"line":89,"column":null}},"type":"if","locations":[{"start":{"line":89,"column":9},"end":{"line":89,"column":null}},{"start":{},"end":{}}],"line":89},"27":{"loc":{"start":{"line":90,"column":4},"end":{"line":91,"column":null}},"type":"if","locations":[{"start":{"line":90,"column":4},"end":{"line":91,"column":null}},{"start":{"line":91,"column":9},"end":{"line":91,"column":null}}],"line":90},"28":{"loc":{"start":{"line":91,"column":9},"end":{"line":91,"column":null}},"type":"if","locations":[{"start":{"line":91,"column":9},"end":{"line":91,"column":null}},{"start":{},"end":{}}],"line":91},"29":{"loc":{"start":{"line":92,"column":4},"end":{"line":93,"column":null}},"type":"if","locations":[{"start":{"line":92,"column":4},"end":{"line":93,"column":null}},{"start":{"line":93,"column":9},"end":{"line":93,"column":null}}],"line":92},"30":{"loc":{"start":{"line":93,"column":9},"end":{"line":93,"column":null}},"type":"if","locations":[{"start":{"line":93,"column":9},"end":{"line":93,"column":null}},{"start":{},"end":{}}],"line":93},"31":{"loc":{"start":{"line":94,"column":4},"end":{"line":96,"column":null}},"type":"if","locations":[{"start":{"line":94,"column":4},"end":{"line":96,"column":null}},{"start":{"line":95,"column":9},"end":{"line":96,"column":null}}],"line":94},"32":{"loc":{"start":{"line":95,"column":9},"end":{"line":96,"column":null}},"type":"if","locations":[{"start":{"line":95,"column":9},"end":{"line":96,"column":null}},{"start":{"line":96,"column":9},"end":{"line":96,"column":null}}],"line":95},"33":{"loc":{"start":{"line":96,"column":9},"end":{"line":96,"column":null}},"type":"if","locations":[{"start":{"line":96,"column":9},"end":{"line":96,"column":null}},{"start":{},"end":{}}],"line":96},"34":{"loc":{"start":{"line":100,"column":4},"end":{"line":107,"column":null}},"type":"if","locations":[{"start":{"line":100,"column":4},"end":{"line":107,"column":null}},{"start":{},"end":{}}],"line":100},"35":{"loc":{"start":{"line":101,"column":6},"end":{"line":101,"column":null}},"type":"if","locations":[{"start":{"line":101,"column":6},"end":{"line":101,"column":null}},{"start":{},"end":{}}],"line":101},"36":{"loc":{"start":{"line":102,"column":6},"end":{"line":102,"column":null}},"type":"if","locations":[{"start":{"line":102,"column":6},"end":{"line":102,"column":null}},{"start":{},"end":{}}],"line":102},"37":{"loc":{"start":{"line":103,"column":6},"end":{"line":103,"column":null}},"type":"if","locations":[{"start":{"line":103,"column":6},"end":{"line":103,"column":null}},{"start":{},"end":{}}],"line":103},"38":{"loc":{"start":{"line":104,"column":6},"end":{"line":104,"column":null}},"type":"if","locations":[{"start":{"line":104,"column":6},"end":{"line":104,"column":null}},{"start":{},"end":{}}],"line":104},"39":{"loc":{"start":{"line":105,"column":6},"end":{"line":105,"column":null}},"type":"if","locations":[{"start":{"line":105,"column":6},"end":{"line":105,"column":null}},{"start":{},"end":{}}],"line":105},"40":{"loc":{"start":{"line":106,"column":6},"end":{"line":106,"column":null}},"type":"if","locations":[{"start":{"line":106,"column":6},"end":{"line":106,"column":null}},{"start":{},"end":{}}],"line":106},"41":{"loc":{"start":{"line":115,"column":4},"end":{"line":115,"column":null}},"type":"if","locations":[{"start":{"line":115,"column":4},"end":{"line":115,"column":null}},{"start":{},"end":{}}],"line":115},"42":{"loc":{"start":{"line":115,"column":8},"end":{"line":115,"column":32}},"type":"binary-expr","locations":[{"start":{"line":115,"column":8},"end":{"line":115,"column":21}},{"start":{"line":115,"column":21},"end":{"line":115,"column":32}}],"line":115},"43":{"loc":{"start":{"line":116,"column":4},"end":{"line":116,"column":null}},"type":"if","locations":[{"start":{"line":116,"column":4},"end":{"line":116,"column":null}},{"start":{},"end":{}}],"line":116},"44":{"loc":{"start":{"line":117,"column":4},"end":{"line":117,"column":null}},"type":"if","locations":[{"start":{"line":117,"column":4},"end":{"line":117,"column":null}},{"start":{},"end":{}}],"line":117}},"s":{"0":3,"1":5,"2":9,"3":16,"4":8,"5":8,"6":2,"7":1,"8":7,"9":0,"10":0,"11":7,"12":15,"13":15,"14":12,"15":3,"16":3,"17":3,"18":3,"19":16,"20":2,"21":14,"22":2,"23":1,"24":13,"25":0,"26":0,"27":13,"28":15,"29":15,"30":15,"31":16,"32":16,"33":16,"34":16,"35":16,"36":16,"37":16,"38":16,"39":16,"40":16,"41":16,"42":0,"43":16,"44":9,"45":16,"46":0,"47":16,"48":0,"49":16,"50":0,"51":0,"52":0,"53":16,"54":0,"55":16,"56":1,"57":16,"58":0,"59":16,"60":1,"61":16,"62":0,"63":16,"64":1,"65":16,"66":0,"67":16,"68":1,"69":15,"70":1,"71":16,"72":3,"73":3,"74":3,"75":3,"76":3,"77":3,"78":3,"79":0,"80":3,"81":0,"82":3,"83":0,"84":16,"85":15,"86":1,"87":1,"88":1,"89":0,"90":1,"91":0,"92":1,"93":0,"94":1,"95":15},"f":{"0":5,"1":9,"2":16,"3":15,"4":16,"5":15,"6":1},"b":{"0":[9,0],"1":[8,8],"2":[8,6],"3":[1,1],"4":[7,7],"5":[0,0],"6":[12,3],"7":[2,14],"8":[14,12],"9":[1,1],"10":[13,13],"11":[0,0],"12":[16,0],"13":[16,0],"14":[16,0],"15":[16,16,7],"16":[16,7],"17":[16,0],"18":[16,13,5],"19":[0,16],"20":[9,7],"21":[0,16],"22":[0,16],"23":[0,16],"24":[0,0],"25":[0,16],"26":[1,15],"27":[0,16],"28":[1,15],"29":[0,16],"30":[1,15],"31":[0,16],"32":[1,15],"33":[1,14],"34":[3,13],"35":[3,0],"36":[3,0],"37":[3,0],"38":[0,3],"39":[0,3],"40":[0,3],"41":[0,1],"42":[1,0],"43":[0,1],"44":[0,1]},"meta":{"lastBranch":45,"lastFunction":7,"lastStatement":96,"seen":{"s:3:23:6:Infinity":0,"f:13:9:13:21":0,"s:14:2:14:Infinity":1,"f:14:43:14:47":1,"s:14:52:14:91":2,"b:14:56:14:90:14:90:14:91":0,"f:17:9:17:26":2,"b:18:2:18:Infinity:undefined:undefined:undefined:undefined":1,"s:18:2:18:Infinity":3,"s:18:29:18:Infinity":4,"s:19:2:21:Infinity":5,"b:19:22:19:40:19:40:19:44":2,"b:20:4:20:Infinity:undefined:undefined:undefined:undefined":3,"s:20:4:20:Infinity":6,"s:20:29:20:Infinity":7,"s:22:2:24:Infinity":8,"b:22:20:22:41:22:41:22:45":4,"b:23:4:23:Infinity:undefined:undefined:undefined:undefined":5,"s:23:4:23:Infinity":9,"s:23:27:23:Infinity":10,"s:25:2:25:Infinity":11,"f:28:9:28:26":3,"s:29:14:29:Infinity":12,"b:30:2:30:Infinity:undefined:undefined:undefined:undefined":6,"s:30:2:30:Infinity":13,"s:30:21:30:Infinity":14,"s:31:2:33:Infinity":15,"s:32:4:32:Infinity":16,"s:32:34:32:Infinity":17,"s:34:2:34:Infinity":18,"f:37:9:37:Infinity":4,"b:41:2:41:Infinity:undefined:undefined:undefined:undefined":7,"s:41:2:41:Infinity":19,"s:41:29:41:Infinity":20,"s:42:2:44:Infinity":21,"b:42:22:42:40:42:40:42:44":8,"b:43:4:43:Infinity:undefined:undefined:undefined:undefined":9,"s:43:4:43:Infinity":22,"s:43:29:43:Infinity":23,"s:45:2:47:Infinity":24,"b:45:20:45:41:45:41:45:45":10,"b:46:4:46:Infinity:undefined:undefined:undefined:undefined":11,"s:46:4:46:Infinity":25,"s:46:27:46:Infinity":26,"s:48:2:48:Infinity":27,"f:51:16:51:Infinity":5,"s:56:21:56:Infinity":28,"s:57:19:57:Infinity":29,"s:59:2:110:Infinity":30,"s:60:20:60:Infinity":31,"s:61:22:61:Infinity":32,"s:63:28:63:Infinity":33,"b:63:47:63:66:63:66:63:Infinity":12,"s:64:25:64:Infinity":34,"b:64:25:64:50:64:50:64:Infinity":13,"s:65:25:65:Infinity":35,"b:65:25:65:50:65:50:65:Infinity":14,"s:67:25:67:Infinity":36,"b:67:25:67:48:67:48:67:69:67:69:67:Infinity":15,"s:68:25:68:Infinity":37,"b:68:25:68:42:68:42:68:Infinity":16,"b:70:4:72:Infinity:undefined:undefined:undefined:undefined":17,"s:70:4:72:Infinity":38,"s:71:6:71:Infinity":39,"s:74:38:79:Infinity":40,"b:78:13:78:33:78:33:78:51:78:51:78:Infinity":18,"b:80:4:80:Infinity:undefined:undefined:undefined:undefined":19,"s:80:4:80:Infinity":41,"s:80:23:80:Infinity":42,"b:81:4:81:Infinity:undefined:undefined:undefined:undefined":20,"s:81:4:81:Infinity":43,"s:81:39:81:Infinity":44,"b:82:4:82:Infinity:undefined:undefined:undefined:undefined":21,"s:82:4:82:Infinity":45,"s:82:21:82:Infinity":46,"b:83:4:83:Infinity:undefined:undefined:undefined:undefined":22,"s:83:4:83:Infinity":47,"s:83:25:83:Infinity":48,"b:84:4:87:Infinity:undefined:undefined:undefined:undefined":23,"s:84:4:87:Infinity":49,"s:85:6:85:Infinity":50,"b:86:6:86:Infinity:undefined:undefined:undefined:undefined":24,"s:86:6:86:Infinity":51,"s:86:35:86:Infinity":52,"b:88:4:89:Infinity:89:9:89:Infinity":25,"s:88:4:89:Infinity":53,"s:88:46:88:Infinity":54,"b:89:9:89:Infinity:undefined:undefined:undefined:undefined":26,"s:89:9:89:Infinity":55,"s:89:35:89:Infinity":56,"b:90:4:91:Infinity:91:9:91:Infinity":27,"s:90:4:91:Infinity":57,"s:90:38:90:Infinity":58,"b:91:9:91:Infinity:undefined:undefined:undefined:undefined":28,"s:91:9:91:Infinity":59,"s:91:41:91:Infinity":60,"b:92:4:93:Infinity:93:9:93:Infinity":29,"s:92:4:93:Infinity":61,"s:92:38:92:Infinity":62,"b:93:9:93:Infinity:undefined:undefined:undefined:undefined":30,"s:93:9:93:Infinity":63,"s:93:41:93:Infinity":64,"b:94:4:96:Infinity:95:9:96:Infinity":31,"s:94:4:96:Infinity":65,"s:94:39:94:Infinity":66,"b:95:9:96:Infinity:96:9:96:Infinity":32,"s:95:9:96:Infinity":67,"s:95:42:95:Infinity":68,"b:96:9:96:Infinity:undefined:undefined:undefined:undefined":33,"s:96:9:96:Infinity":69,"s:96:41:96:Infinity":70,"b:100:4:107:Infinity:undefined:undefined:undefined:undefined":34,"s:100:4:107:Infinity":71,"b:101:6:101:Infinity:undefined:undefined:undefined:undefined":35,"s:101:6:101:Infinity":72,"s:101:43:101:Infinity":73,"b:102:6:102:Infinity:undefined:undefined:undefined:undefined":36,"s:102:6:102:Infinity":74,"s:102:47:102:Infinity":75,"b:103:6:103:Infinity:undefined:undefined:undefined:undefined":37,"s:103:6:103:Infinity":76,"s:103:40:103:Infinity":77,"b:104:6:104:Infinity:undefined:undefined:undefined:undefined":38,"s:104:6:104:Infinity":78,"s:104:41:104:Infinity":79,"b:105:6:105:Infinity:undefined:undefined:undefined:undefined":39,"s:105:6:105:Infinity":80,"s:105:39:105:Infinity":81,"b:106:6:106:Infinity:undefined:undefined:undefined:undefined":40,"s:106:6:106:Infinity":82,"s:106:43:106:Infinity":83,"s:109:4:109:Infinity":84,"s:112:21:119:Infinity":85,"f:112:46:112:52":6,"s:113:15:113:Infinity":86,"s:114:15:114:Infinity":87,"b:115:4:115:Infinity:undefined:undefined:undefined:undefined":41,"s:115:4:115:Infinity":88,"b:115:8:115:21:115:21:115:32":42,"s:115:32:115:Infinity":89,"b:116:4:116:Infinity:undefined:undefined:undefined:undefined":43,"s:116:4:116:Infinity":90,"s:116:19:116:Infinity":91,"b:117:4:117:Infinity:undefined:undefined:undefined:undefined":44,"s:117:4:117:Infinity":92,"s:117:19:117:Infinity":93,"s:118:4:118:Infinity":94,"s:121:2:121:Infinity":95}}}
,"C:\\Users\\AFA\\Documents\\GitHub\\hexllama\\src\\main\\commandsSchemaParser.ts": {"path":"C:\\Users\\AFA\\Documents\\GitHub\\hexllama\\src\\main\\commandsSchemaParser.ts","statementMap":{"0":{"start":{"line":13,"column":23},"end":{"line":13,"column":null}},"1":{"start":{"line":14,"column":21},"end":{"line":14,"column":null}},"2":{"start":{"line":15,"column":20},"end":{"line":15,"column":null}},"3":{"start":{"line":18,"column":15},"end":{"line":18,"column":null}},"4":{"start":{"line":19,"column":2},"end":{"line":19,"column":null}},"5":{"start":{"line":19,"column":29},"end":{"line":19,"column":null}},"6":{"start":{"line":21,"column":27},"end":{"line":21,"column":null}},"7":{"start":{"line":22,"column":13},"end":{"line":22,"column":null}},"8":{"start":{"line":23,"column":2},"end":{"line":29,"column":null}},"9":{"start":{"line":24,"column":4},"end":{"line":24,"column":null}},"10":{"start":{"line":25,"column":14},"end":{"line":25,"column":null}},"11":{"start":{"line":26,"column":4},"end":{"line":26,"column":null}},"12":{"start":{"line":26,"column":12},"end":{"line":26,"column":null}},"13":{"start":{"line":27,"column":4},"end":{"line":27,"column":null}},"14":{"start":{"line":28,"column":4},"end":{"line":28,"column":null}},"15":{"start":{"line":30,"column":2},"end":{"line":30,"column":null}},"16":{"start":{"line":30,"column":30},"end":{"line":30,"column":null}},"17":{"start":{"line":31,"column":20},"end":{"line":31,"column":null}},"18":{"start":{"line":32,"column":2},"end":{"line":32,"column":null}},"19":{"start":{"line":32,"column":18},"end":{"line":32,"column":null}},"20":{"start":{"line":33,"column":2},"end":{"line":33,"column":null}},"21":{"start":{"line":35,"column":40},"end":{"line":35,"column":null}},"22":{"start":{"line":36,"column":18},"end":{"line":36,"column":null}},"23":{"start":{"line":37,"column":2},"end":{"line":46,"column":null}},"24":{"start":{"line":38,"column":17},"end":{"line":38,"column":null}},"25":{"start":{"line":39,"column":28},"end":{"line":39,"column":null}},"26":{"start":{"line":40,"column":4},"end":{"line":45,"column":null}},"27":{"start":{"line":41,"column":6},"end":{"line":41,"column":null}},"28":{"start":{"line":42,"column":6},"end":{"line":42,"column":null}},"29":{"start":{"line":44,"column":6},"end":{"line":44,"column":null}},"30":{"start":{"line":48,"column":16},"end":{"line":48,"column":null}},"31":{"start":{"line":48,"column":35},"end":{"line":48,"column":53}},"32":{"start":{"line":49,"column":17},"end":{"line":49,"column":null}},"33":{"start":{"line":49,"column":36},"end":{"line":49,"column":76}},"34":{"start":{"line":50,"column":24},"end":{"line":50,"column":null}},"35":{"start":{"line":50,"column":42},"end":{"line":50,"column":63}},"36":{"start":{"line":51,"column":24},"end":{"line":51,"column":null}},"37":{"start":{"line":51,"column":42},"end":{"line":51,"column":64}},"38":{"start":{"line":52,"column":14},"end":{"line":52,"column":null}},"39":{"start":{"line":53,"column":21},"end":{"line":53,"column":null}},"40":{"start":{"line":53,"column":47},"end":{"line":53,"column":56}},"41":{"start":{"line":54,"column":24},"end":{"line":54,"column":null}},"42":{"start":{"line":54,"column":41},"end":{"line":54,"column":61}},"43":{"start":{"line":55,"column":16},"end":{"line":55,"column":null}},"44":{"start":{"line":57,"column":2},"end":{"line":57,"column":null}},"45":{"start":{"line":61,"column":2},"end":{"line":61,"column":null}},"46":{"start":{"line":61,"column":14},"end":{"line":61,"column":null}},"47":{"start":{"line":62,"column":2},"end":{"line":62,"column":null}},"48":{"start":{"line":62,"column":39},"end":{"line":62,"column":null}},"49":{"start":{"line":63,"column":2},"end":{"line":63,"column":null}},"50":{"start":{"line":63,"column":52},"end":{"line":63,"column":null}},"51":{"start":{"line":64,"column":2},"end":{"line":66,"column":null}},"52":{"start":{"line":65,"column":4},"end":{"line":65,"column":null}},"53":{"start":{"line":65,"column":79},"end":{"line":65,"column":null}},"54":{"start":{"line":67,"column":2},"end":{"line":67,"column":null}},"55":{"start":{"line":67,"column":52},"end":{"line":67,"column":null}},"56":{"start":{"line":68,"column":2},"end":{"line":68,"column":null}},"57":{"start":{"line":68,"column":25},"end":{"line":68,"column":null}},"58":{"start":{"line":69,"column":2},"end":{"line":69,"column":null}},"59":{"start":{"line":69,"column":44},"end":{"line":69,"column":null}},"60":{"start":{"line":70,"column":2},"end":{"line":70,"column":null}},"61":{"start":{"line":74,"column":2},"end":{"line":74,"column":null}},"62":{"start":{"line":77,"column":2},"end":{"line":77,"column":null}},"63":{"start":{"line":81,"column":2},"end":{"line":90,"column":null}},"64":{"start":{"line":82,"column":14},"end":{"line":82,"column":null}},"65":{"start":{"line":83,"column":4},"end":{"line":83,"column":null}},"66":{"start":{"line":83,"column":26},"end":{"line":83,"column":null}},"67":{"start":{"line":84,"column":4},"end":{"line":84,"column":null}},"68":{"start":{"line":84,"column":42},"end":{"line":84,"column":null}},"69":{"start":{"line":85,"column":4},"end":{"line":85,"column":null}},"70":{"start":{"line":85,"column":45},"end":{"line":85,"column":null}},"71":{"start":{"line":89,"column":4},"end":{"line":89,"column":null}},"72":{"start":{"line":91,"column":2},"end":{"line":91,"column":null}},"73":{"start":{"line":95,"column":16},"end":{"line":95,"column":null}},"74":{"start":{"line":96,"column":2},"end":{"line":96,"column":null}},"75":{"start":{"line":96,"column":14},"end":{"line":96,"column":null}},"76":{"start":{"line":98,"column":8},"end":{"line":98,"column":null}},"77":{"start":{"line":99,"column":19},"end":{"line":99,"column":null}},"78":{"start":{"line":100,"column":24},"end":{"line":100,"column":null}},"79":{"start":{"line":102,"column":2},"end":{"line":102,"column":null}},"80":{"start":{"line":106,"column":16},"end":{"line":106,"column":null}},"81":{"start":{"line":107,"column":56},"end":{"line":107,"column":null}},"82":{"start":{"line":108,"column":58},"end":{"line":108,"column":null}},"83":{"start":{"line":109,"column":2},"end":{"line":117,"column":null}},"84":{"start":{"line":110,"column":4},"end":{"line":116,"column":null}},"85":{"start":{"line":111,"column":19},"end":{"line":111,"column":null}},"86":{"start":{"line":112,"column":6},"end":{"line":112,"column":null}},"87":{"start":{"line":113,"column":6},"end":{"line":113,"column":null}},"88":{"start":{"line":114,"column":11},"end":{"line":116,"column":null}},"89":{"start":{"line":115,"column":6},"end":{"line":115,"column":null}},"90":{"start":{"line":119,"column":25},"end":{"line":119,"column":null}},"91":{"start":{"line":120,"column":2},"end":{"line":279,"column":null}},"92":{"start":{"line":121,"column":12},"end":{"line":121,"column":null}},"93":{"start":{"line":122,"column":4},"end":{"line":278,"column":null}},"94":{"start":{"line":123,"column":19},"end":{"line":123,"column":null}},"95":{"start":{"line":124,"column":6},"end":{"line":124,"column":null}},"96":{"start":{"line":124,"column":26},"end":{"line":124,"column":31}},"97":{"start":{"line":124,"column":31},"end":{"line":124,"column":40}},"98":{"start":{"line":125,"column":6},"end":{"line":125,"column":null}},"99":{"start":{"line":125,"column":30},"end":{"line":125,"column":35}},"100":{"start":{"line":125,"column":35},"end":{"line":125,"column":44}},"101":{"start":{"line":126,"column":19},"end":{"line":126,"column":null}},"102":{"start":{"line":127,"column":6},"end":{"line":127,"column":null}},"103":{"start":{"line":127,"column":19},"end":{"line":127,"column":24}},"104":{"start":{"line":127,"column":24},"end":{"line":127,"column":33}},"105":{"start":{"line":129,"column":29},"end":{"line":129,"column":null}},"106":{"start":{"line":130,"column":6},"end":{"line":130,"column":null}},"107":{"start":{"line":131,"column":6},"end":{"line":134,"column":null}},"108":{"start":{"line":132,"column":8},"end":{"line":132,"column":null}},"109":{"start":{"line":133,"column":8},"end":{"line":133,"column":null}},"110":{"start":{"line":141,"column":34},"end":{"line":141,"column":null}},"111":{"start":{"line":142,"column":6},"end":{"line":142,"column":null}},"112":{"start":{"line":143,"column":27},"end":{"line":143,"column":null}},"113":{"start":{"line":144,"column":43},"end":{"line":144,"column":null}},"114":{"start":{"line":145,"column":23},"end":{"line":145,"column":null}},"115":{"start":{"line":146,"column":43},"end":{"line":146,"column":null}},"116":{"start":{"line":147,"column":60},"end":{"line":147,"column":null}},"117":{"start":{"line":149,"column":6},"end":{"line":177,"column":null}},"118":{"start":{"line":150,"column":24},"end":{"line":150,"column":null}},"119":{"start":{"line":151,"column":8},"end":{"line":151,"column":null}},"120":{"start":{"line":151,"column":22},"end":{"line":151,"column":null}},"121":{"start":{"line":152,"column":8},"end":{"line":156,"column":null}},"122":{"start":{"line":153,"column":20},"end":{"line":153,"column":null}},"123":{"start":{"line":154,"column":10},"end":{"line":154,"column":null}},"124":{"start":{"line":154,"column":17},"end":{"line":154,"column":null}},"125":{"start":{"line":155,"column":10},"end":{"line":155,"column":null}},"126":{"start":{"line":157,"column":8},"end":{"line":161,"column":null}},"127":{"start":{"line":158,"column":20},"end":{"line":158,"column":null}},"128":{"start":{"line":159,"column":10},"end":{"line":159,"column":null}},"129":{"start":{"line":159,"column":17},"end":{"line":159,"column":null}},"130":{"start":{"line":159,"column":58},"end":{"line":159,"column":66}},"131":{"start":{"line":160,"column":10},"end":{"line":160,"column":null}},"132":{"start":{"line":162,"column":8},"end":{"line":166,"column":null}},"133":{"start":{"line":163,"column":10},"end":{"line":163,"column":null}},"134":{"start":{"line":164,"column":10},"end":{"line":164,"column":null}},"135":{"start":{"line":165,"column":10},"end":{"line":165,"column":null}},"136":{"start":{"line":167,"column":8},"end":{"line":171,"column":null}},"137":{"start":{"line":168,"column":10},"end":{"line":168,"column":null}},"138":{"start":{"line":169,"column":10},"end":{"line":169,"column":null}},"139":{"start":{"line":170,"column":10},"end":{"line":170,"column":null}},"140":{"start":{"line":172,"column":27},"end":{"line":172,"column":null}},"141":{"start":{"line":173,"column":8},"end":{"line":175,"column":null}},"142":{"start":{"line":174,"column":10},"end":{"line":174,"column":null}},"143":{"start":{"line":176,"column":8},"end":{"line":176,"column":null}},"144":{"start":{"line":179,"column":21},"end":{"line":179,"column":null}},"145":{"start":{"line":188,"column":6},"end":{"line":190,"column":null}},"146":{"start":{"line":189,"column":8},"end":{"line":189,"column":null}},"147":{"start":{"line":191,"column":6},"end":{"line":194,"column":null}},"148":{"start":{"line":192,"column":22},"end":{"line":192,"column":null}},"149":{"start":{"line":193,"column":8},"end":{"line":193,"column":null}},"150":{"start":{"line":193,"column":19},"end":{"line":193,"column":null}},"151":{"start":{"line":200,"column":27},"end":{"line":200,"column":null}},"152":{"start":{"line":201,"column":25},"end":{"line":201,"column":null}},"153":{"start":{"line":202,"column":24},"end":{"line":202,"column":null}},"154":{"start":{"line":203,"column":43},"end":{"line":203,"column":null}},"155":{"start":{"line":204,"column":6},"end":{"line":214,"column":null}},"156":{"start":{"line":210,"column":25},"end":{"line":210,"column":null}},"157":{"start":{"line":211,"column":25},"end":{"line":211,"column":null}},"158":{"start":{"line":212,"column":8},"end":{"line":212,"column":null}},"159":{"start":{"line":213,"column":8},"end":{"line":213,"column":null}},"160":{"start":{"line":216,"column":34},"end":{"line":216,"column":null}},"161":{"start":{"line":218,"column":6},"end":{"line":251,"column":null}},"162":{"start":{"line":219,"column":8},"end":{"line":219,"column":null}},"163":{"start":{"line":220,"column":13},"end":{"line":251,"column":null}},"164":{"start":{"line":221,"column":8},"end":{"line":221,"column":null}},"165":{"start":{"line":222,"column":13},"end":{"line":251,"column":null}},"166":{"start":{"line":223,"column":8},"end":{"line":223,"column":null}},"167":{"start":{"line":224,"column":8},"end":{"line":224,"column":null}},"168":{"start":{"line":225,"column":13},"end":{"line":251,"column":null}},"169":{"start":{"line":226,"column":8},"end":{"line":226,"column":null}},"170":{"start":{"line":227,"column":13},"end":{"line":251,"column":null}},"171":{"start":{"line":228,"column":8},"end":{"line":228,"column":null}},"172":{"start":{"line":229,"column":8},"end":{"line":229,"column":null}},"173":{"start":{"line":229,"column":73},"end":{"line":229,"column":81}},"174":{"start":{"line":230,"column":13},"end":{"line":251,"column":null}},"175":{"start":{"line":234,"column":8},"end":{"line":234,"column":null}},"176":{"start":{"line":235,"column":8},"end":{"line":235,"column":null}},"177":{"start":{"line":235,"column":73},"end":{"line":235,"column":81}},"178":{"start":{"line":236,"column":13},"end":{"line":251,"column":null}},"179":{"start":{"line":245,"column":22},"end":{"line":245,"column":null}},"180":{"start":{"line":245,"column":64},"end":{"line":245,"column":72}},"181":{"start":{"line":246,"column":39},"end":{"line":246,"column":null}},"182":{"start":{"line":246,"column":79},"end":{"line":246,"column":98}},"183":{"start":{"line":247,"column":8},"end":{"line":250,"column":null}},"184":{"start":{"line":248,"column":10},"end":{"line":248,"column":null}},"185":{"start":{"line":249,"column":10},"end":{"line":249,"column":null}},"186":{"start":{"line":253,"column":27},"end":{"line":258,"column":null}},"187":{"start":{"line":259,"column":6},"end":{"line":259,"column":null}},"188":{"start":{"line":259,"column":22},"end":{"line":259,"column":null}},"189":{"start":{"line":260,"column":6},"end":{"line":260,"column":null}},"190":{"start":{"line":260,"column":38},"end":{"line":260,"column":null}},"191":{"start":{"line":261,"column":6},"end":{"line":261,"column":null}},"192":{"start":{"line":261,"column":41},"end":{"line":261,"column":null}},"193":{"start":{"line":262,"column":6},"end":{"line":262,"column":null}},"194":{"start":{"line":262,"column":30},"end":{"line":262,"column":null}},"195":{"start":{"line":263,"column":6},"end":{"line":270,"column":null}},"196":{"start":{"line":264,"column":24},"end":{"line":264,"column":null}},"197":{"start":{"line":265,"column":8},"end":{"line":265,"column":null}},"198":{"start":{"line":265,"column":30},"end":{"line":265,"column":null}},"199":{"start":{"line":266,"column":8},"end":{"line":269,"column":null}},"200":{"start":{"line":267,"column":23},"end":{"line":267,"column":null}},"201":{"start":{"line":268,"column":10},"end":{"line":268,"column":null}},"202":{"start":{"line":268,"column":29},"end":{"line":268,"column":null}},"203":{"start":{"line":271,"column":6},"end":{"line":271,"column":null}},"204":{"start":{"line":271,"column":27},"end":{"line":271,"column":null}},"205":{"start":{"line":272,"column":6},"end":{"line":272,"column":null}},"206":{"start":{"line":272,"column":19},"end":{"line":272,"column":null}},"207":{"start":{"line":273,"column":6},"end":{"line":276,"column":null}},"208":{"start":{"line":274,"column":8},"end":{"line":274,"column":null}},"209":{"start":{"line":275,"column":8},"end":{"line":275,"column":null}},"210":{"start":{"line":275,"column":29},"end":{"line":275,"column":null}},"211":{"start":{"line":277,"column":6},"end":{"line":277,"column":null}},"212":{"start":{"line":280,"column":2},"end":{"line":280,"column":null}}},"fnMap":{"0":{"name":"parseFlagLine","decl":{"start":{"line":17,"column":9},"end":{"line":17,"column":23}},"loc":{"start":{"line":17,"column":63},"end":{"line":58,"column":null}},"line":17},"1":{"name":"(anonymous_1)","decl":{"start":{"line":48,"column":23},"end":{"line":48,"column":30}},"loc":{"start":{"line":48,"column":35},"end":{"line":48,"column":53}},"line":48},"2":{"name":"(anonymous_2)","decl":{"start":{"line":49,"column":24},"end":{"line":49,"column":31}},"loc":{"start":{"line":49,"column":36},"end":{"line":49,"column":76}},"line":49},"3":{"name":"(anonymous_3)","decl":{"start":{"line":50,"column":30},"end":{"line":50,"column":37}},"loc":{"start":{"line":50,"column":42},"end":{"line":50,"column":63}},"line":50},"4":{"name":"(anonymous_4)","decl":{"start":{"line":51,"column":30},"end":{"line":51,"column":37}},"loc":{"start":{"line":51,"column":42},"end":{"line":51,"column":64}},"line":51},"5":{"name":"(anonymous_5)","decl":{"start":{"line":53,"column":35},"end":{"line":53,"column":42}},"loc":{"start":{"line":53,"column":47},"end":{"line":53,"column":56}},"line":53},"6":{"name":"(anonymous_6)","decl":{"start":{"line":54,"column":31},"end":{"line":54,"column":36}},"loc":{"start":{"line":54,"column":41},"end":{"line":54,"column":61}},"line":54},"7":{"name":"looksLikeValuePlaceholder","decl":{"start":{"line":60,"column":9},"end":{"line":60,"column":35}},"loc":{"start":{"line":60,"column":59},"end":{"line":71,"column":null}},"line":60},"8":{"name":"isIndented","decl":{"start":{"line":73,"column":9},"end":{"line":73,"column":20}},"loc":{"start":{"line":73,"column":43},"end":{"line":75,"column":null}},"line":73},"9":{"name":"isBlankOrIndented","decl":{"start":{"line":76,"column":9},"end":{"line":76,"column":27}},"loc":{"start":{"line":76,"column":50},"end":{"line":78,"column":null}},"line":76},"10":{"name":"coerceDefault","decl":{"start":{"line":80,"column":9},"end":{"line":80,"column":23}},"loc":{"start":{"line":80,"column":93},"end":{"line":92,"column":null}},"line":80},"11":{"name":"inferNumericStep","decl":{"start":{"line":94,"column":9},"end":{"line":94,"column":26}},"loc":{"start":{"line":94,"column":54},"end":{"line":103,"column":null}},"line":94},"12":{"name":"parseHelpOutput","decl":{"start":{"line":105,"column":16},"end":{"line":105,"column":32}},"loc":{"start":{"line":105,"column":59},"end":{"line":281,"column":null}},"line":105},"13":{"name":"(anonymous_13)","decl":{"start":{"line":159,"column":49},"end":{"line":159,"column":53}},"loc":{"start":{"line":159,"column":58},"end":{"line":159,"column":66}},"line":159},"14":{"name":"(anonymous_14)","decl":{"start":{"line":229,"column":64},"end":{"line":229,"column":68}},"loc":{"start":{"line":229,"column":73},"end":{"line":229,"column":81}},"line":229},"15":{"name":"(anonymous_15)","decl":{"start":{"line":235,"column":64},"end":{"line":235,"column":68}},"loc":{"start":{"line":235,"column":73},"end":{"line":235,"column":81}},"line":235},"16":{"name":"(anonymous_16)","decl":{"start":{"line":245,"column":55},"end":{"line":245,"column":59}},"loc":{"start":{"line":245,"column":64},"end":{"line":245,"column":72}},"line":245},"17":{"name":"(anonymous_17)","decl":{"start":{"line":246,"column":65},"end":{"line":246,"column":71}},"loc":{"start":{"line":246,"column":79},"end":{"line":246,"column":98}},"line":246}},"branchMap":{"0":{"loc":{"start":{"line":19,"column":2},"end":{"line":19,"column":null}},"type":"if","locations":[{"start":{"line":19,"column":2},"end":{"line":19,"column":null}},{"start":{},"end":{}}],"line":19},"1":{"loc":{"start":{"line":25,"column":14},"end":{"line":25,"column":null}},"type":"binary-expr","locations":[{"start":{"line":25,"column":14},"end":{"line":25,"column":42}},{"start":{"line":25,"column":42},"end":{"line":25,"column":null}}],"line":25},"2":{"loc":{"start":{"line":26,"column":4},"end":{"line":26,"column":null}},"type":"if","locations":[{"start":{"line":26,"column":4},"end":{"line":26,"column":null}},{"start":{},"end":{}}],"line":26},"3":{"loc":{"start":{"line":30,"column":2},"end":{"line":30,"column":null}},"type":"if","locations":[{"start":{"line":30,"column":2},"end":{"line":30,"column":null}},{"start":{},"end":{}}],"line":30},"4":{"loc":{"start":{"line":32,"column":2},"end":{"line":32,"column":null}},"type":"if","locations":[{"start":{"line":32,"column":2},"end":{"line":32,"column":null}},{"start":{},"end":{}}],"line":32},"5":{"loc":{"start":{"line":37,"column":2},"end":{"line":46,"column":null}},"type":"if","locations":[{"start":{"line":37,"column":2},"end":{"line":46,"column":null}},{"start":{},"end":{}}],"line":37},"6":{"loc":{"start":{"line":40,"column":4},"end":{"line":45,"column":null}},"type":"if","locations":[{"start":{"line":40,"column":4},"end":{"line":45,"column":null}},{"start":{"line":43,"column":11},"end":{"line":45,"column":null}}],"line":40},"7":{"loc":{"start":{"line":40,"column":8},"end":{"line":40,"column":74}},"type":"binary-expr","locations":[{"start":{"line":40,"column":8},"end":{"line":40,"column":27}},{"start":{"line":40,"column":27},"end":{"line":40,"column":74}}],"line":40},"8":{"loc":{"start":{"line":42,"column":19},"end":{"line":42,"column":45}},"type":"binary-expr","locations":[{"start":{"line":42,"column":19},"end":{"line":42,"column":41}},{"start":{"line":42,"column":41},"end":{"line":42,"column":45}}],"line":42},"9":{"loc":{"start":{"line":49,"column":36},"end":{"line":49,"column":76}},"type":"binary-expr","locations":[{"start":{"line":49,"column":36},"end":{"line":49,"column":57}},{"start":{"line":49,"column":57},"end":{"line":49,"column":76}}],"line":49},"10":{"loc":{"start":{"line":52,"column":14},"end":{"line":52,"column":null}},"type":"binary-expr","locations":[{"start":{"line":52,"column":14},"end":{"line":52,"column":57}},{"start":{"line":52,"column":57},"end":{"line":52,"column":null}}],"line":52},"11":{"loc":{"start":{"line":54,"column":24},"end":{"line":54,"column":null}},"type":"binary-expr","locations":[{"start":{"line":54,"column":24},"end":{"line":54,"column":66}},{"start":{"line":54,"column":66},"end":{"line":54,"column":null}}],"line":54},"12":{"loc":{"start":{"line":55,"column":16},"end":{"line":55,"column":null}},"type":"binary-expr","locations":[{"start":{"line":55,"column":16},"end":{"line":55,"column":59}},{"start":{"line":55,"column":59},"end":{"line":55,"column":72}},{"start":{"line":55,"column":72},"end":{"line":55,"column":null}}],"line":55},"13":{"loc":{"start":{"line":61,"column":2},"end":{"line":61,"column":null}},"type":"if","locations":[{"start":{"line":61,"column":2},"end":{"line":61,"column":null}},{"start":{},"end":{}}],"line":61},"14":{"loc":{"start":{"line":62,"column":2},"end":{"line":62,"column":null}},"type":"if","locations":[{"start":{"line":62,"column":2},"end":{"line":62,"column":null}},{"start":{},"end":{}}],"line":62},"15":{"loc":{"start":{"line":63,"column":2},"end":{"line":63,"column":null}},"type":"if","locations":[{"start":{"line":63,"column":2},"end":{"line":63,"column":null}},{"start":{},"end":{}}],"line":63},"16":{"loc":{"start":{"line":63,"column":6},"end":{"line":63,"column":52}},"type":"binary-expr","locations":[{"start":{"line":63,"column":6},"end":{"line":63,"column":31}},{"start":{"line":63,"column":31},"end":{"line":63,"column":52}}],"line":63},"17":{"loc":{"start":{"line":64,"column":2},"end":{"line":66,"column":null}},"type":"if","locations":[{"start":{"line":64,"column":2},"end":{"line":66,"column":null}},{"start":{},"end":{}}],"line":64},"18":{"loc":{"start":{"line":65,"column":4},"end":{"line":65,"column":null}},"type":"if","locations":[{"start":{"line":65,"column":4},"end":{"line":65,"column":null}},{"start":{},"end":{}}],"line":65},"19":{"loc":{"start":{"line":65,"column":8},"end":{"line":65,"column":79}},"type":"binary-expr","locations":[{"start":{"line":65,"column":8},"end":{"line":65,"column":31}},{"start":{"line":65,"column":31},"end":{"line":65,"column":54}},{"start":{"line":65,"column":54},"end":{"line":65,"column":79}}],"line":65},"20":{"loc":{"start":{"line":67,"column":2},"end":{"line":67,"column":null}},"type":"if","locations":[{"start":{"line":67,"column":2},"end":{"line":67,"column":null}},{"start":{},"end":{}}],"line":67},"21":{"loc":{"start":{"line":67,"column":6},"end":{"line":67,"column":52}},"type":"binary-expr","locations":[{"start":{"line":67,"column":6},"end":{"line":67,"column":31}},{"start":{"line":67,"column":31},"end":{"line":67,"column":52}}],"line":67},"22":{"loc":{"start":{"line":68,"column":2},"end":{"line":68,"column":null}},"type":"if","locations":[{"start":{"line":68,"column":2},"end":{"line":68,"column":null}},{"start":{},"end":{}}],"line":68},"23":{"loc":{"start":{"line":69,"column":2},"end":{"line":69,"column":null}},"type":"if","locations":[{"start":{"line":69,"column":2},"end":{"line":69,"column":null}},{"start":{},"end":{}}],"line":69},"24":{"loc":{"start":{"line":69,"column":6},"end":{"line":69,"column":44}},"type":"binary-expr","locations":[{"start":{"line":69,"column":6},"end":{"line":69,"column":25}},{"start":{"line":69,"column":25},"end":{"line":69,"column":44}}],"line":69},"25":{"loc":{"start":{"line":74,"column":9},"end":{"line":74,"column":null}},"type":"binary-expr","locations":[{"start":{"line":74,"column":9},"end":{"line":74,"column":28}},{"start":{"line":74,"column":28},"end":{"line":74,"column":null}}],"line":74},"26":{"loc":{"start":{"line":77,"column":9},"end":{"line":77,"column":null}},"type":"binary-expr","locations":[{"start":{"line":77,"column":9},"end":{"line":77,"column":31}},{"start":{"line":77,"column":31},"end":{"line":77,"column":null}}],"line":77},"27":{"loc":{"start":{"line":81,"column":2},"end":{"line":90,"column":null}},"type":"if","locations":[{"start":{"line":81,"column":2},"end":{"line":90,"column":null}},{"start":{},"end":{}}],"line":81},"28":{"loc":{"start":{"line":81,"column":6},"end":{"line":81,"column":47}},"type":"binary-expr","locations":[{"start":{"line":81,"column":6},"end":{"line":81,"column":27}},{"start":{"line":81,"column":27},"end":{"line":81,"column":47}}],"line":81},"29":{"loc":{"start":{"line":83,"column":4},"end":{"line":83,"column":null}},"type":"if","locations":[{"start":{"line":83,"column":4},"end":{"line":83,"column":null}},{"start":{},"end":{}}],"line":83},"30":{"loc":{"start":{"line":84,"column":4},"end":{"line":84,"column":null}},"type":"if","locations":[{"start":{"line":84,"column":4},"end":{"line":84,"column":null}},{"start":{},"end":{}}],"line":84},"31":{"loc":{"start":{"line":85,"column":4},"end":{"line":85,"column":null}},"type":"if","locations":[{"start":{"line":85,"column":4},"end":{"line":85,"column":null}},{"start":{},"end":{}}],"line":85},"32":{"loc":{"start":{"line":96,"column":2},"end":{"line":96,"column":null}},"type":"if","locations":[{"start":{"line":96,"column":2},"end":{"line":96,"column":null}},{"start":{},"end":{}}],"line":96},"33":{"loc":{"start":{"line":98,"column":28},"end":{"line":98,"column":56}},"type":"binary-expr","locations":[{"start":{"line":98,"column":28},"end":{"line":98,"column":40}},{"start":{"line":98,"column":40},"end":{"line":98,"column":52}},{"start":{"line":98,"column":52},"end":{"line":98,"column":56}}],"line":98},"34":{"loc":{"start":{"line":99,"column":26},"end":{"line":99,"column":39}},"type":"binary-expr","locations":[{"start":{"line":99,"column":26},"end":{"line":99,"column":38}},{"start":{"line":99,"column":38},"end":{"line":99,"column":39}}],"line":99},"35":{"loc":{"start":{"line":110,"column":4},"end":{"line":116,"column":null}},"type":"if","locations":[{"start":{"line":110,"column":4},"end":{"line":116,"column":null}},{"start":{"line":114,"column":11},"end":{"line":116,"column":null}}],"line":110},"36":{"loc":{"start":{"line":114,"column":11},"end":{"line":116,"column":null}},"type":"if","locations":[{"start":{"line":114,"column":11},"end":{"line":116,"column":null}},{"start":{},"end":{}}],"line":114},"37":{"loc":{"start":{"line":124,"column":6},"end":{"line":124,"column":null}},"type":"if","locations":[{"start":{"line":124,"column":6},"end":{"line":124,"column":null}},{"start":{},"end":{}}],"line":124},"38":{"loc":{"start":{"line":125,"column":6},"end":{"line":125,"column":null}},"type":"if","locations":[{"start":{"line":125,"column":6},"end":{"line":125,"column":null}},{"start":{},"end":{}}],"line":125},"39":{"loc":{"start":{"line":127,"column":6},"end":{"line":127,"column":null}},"type":"if","locations":[{"start":{"line":127,"column":6},"end":{"line":127,"column":null}},{"start":{},"end":{}}],"line":127},"40":{"loc":{"start":{"line":131,"column":13},"end":{"line":131,"column":78}},"type":"binary-expr","locations":[{"start":{"line":131,"column":13},"end":{"line":131,"column":41}},{"start":{"line":131,"column":41},"end":{"line":131,"column":78}}],"line":131},"41":{"loc":{"start":{"line":151,"column":8},"end":{"line":151,"column":null}},"type":"if","locations":[{"start":{"line":151,"column":8},"end":{"line":151,"column":null}},{"start":{},"end":{}}],"line":151},"42":{"loc":{"start":{"line":152,"column":8},"end":{"line":156,"column":null}},"type":"if","locations":[{"start":{"line":152,"column":8},"end":{"line":156,"column":null}},{"start":{},"end":{}}],"line":152},"43":{"loc":{"start":{"line":154,"column":10},"end":{"line":154,"column":null}},"type":"if","locations":[{"start":{"line":154,"column":10},"end":{"line":154,"column":null}},{"start":{},"end":{}}],"line":154},"44":{"loc":{"start":{"line":157,"column":8},"end":{"line":161,"column":null}},"type":"if","locations":[{"start":{"line":157,"column":8},"end":{"line":161,"column":null}},{"start":{},"end":{}}],"line":157},"45":{"loc":{"start":{"line":159,"column":10},"end":{"line":159,"column":null}},"type":"if","locations":[{"start":{"line":159,"column":10},"end":{"line":159,"column":null}},{"start":{},"end":{}}],"line":159},"46":{"loc":{"start":{"line":162,"column":8},"end":{"line":166,"column":null}},"type":"if","locations":[{"start":{"line":162,"column":8},"end":{"line":166,"column":null}},{"start":{},"end":{}}],"line":162},"47":{"loc":{"start":{"line":167,"column":8},"end":{"line":171,"column":null}},"type":"if","locations":[{"start":{"line":167,"column":8},"end":{"line":171,"column":null}},{"start":{},"end":{}}],"line":167},"48":{"loc":{"start":{"line":173,"column":8},"end":{"line":175,"column":null}},"type":"if","locations":[{"start":{"line":173,"column":8},"end":{"line":175,"column":null}},{"start":{},"end":{}}],"line":173},"49":{"loc":{"start":{"line":173,"column":12},"end":{"line":173,"column":39}},"type":"binary-expr","locations":[{"start":{"line":173,"column":12},"end":{"line":173,"column":26}},{"start":{"line":173,"column":26},"end":{"line":173,"column":39}}],"line":173},"50":{"loc":{"start":{"line":188,"column":6},"end":{"line":190,"column":null}},"type":"if","locations":[{"start":{"line":188,"column":6},"end":{"line":190,"column":null}},{"start":{},"end":{}}],"line":188},"51":{"loc":{"start":{"line":188,"column":10},"end":{"line":188,"column":58}},"type":"binary-expr","locations":[{"start":{"line":188,"column":10},"end":{"line":188,"column":25}},{"start":{"line":188,"column":25},"end":{"line":188,"column":58}}],"line":188},"52":{"loc":{"start":{"line":191,"column":6},"end":{"line":194,"column":null}},"type":"if","locations":[{"start":{"line":191,"column":6},"end":{"line":194,"column":null}},{"start":{},"end":{}}],"line":191},"53":{"loc":{"start":{"line":191,"column":10},"end":{"line":191,"column":42}},"type":"binary-expr","locations":[{"start":{"line":191,"column":10},"end":{"line":191,"column":24}},{"start":{"line":191,"column":24},"end":{"line":191,"column":42}}],"line":191},"54":{"loc":{"start":{"line":193,"column":8},"end":{"line":193,"column":null}},"type":"if","locations":[{"start":{"line":193,"column":8},"end":{"line":193,"column":null}},{"start":{},"end":{}}],"line":193},"55":{"loc":{"start":{"line":204,"column":6},"end":{"line":214,"column":null}},"type":"if","locations":[{"start":{"line":204,"column":6},"end":{"line":214,"column":null}},{"start":{},"end":{}}],"line":204},"56":{"loc":{"start":{"line":212,"column":26},"end":{"line":212,"column":null}},"type":"cond-expr","locations":[{"start":{"line":212,"column":42},"end":{"line":212,"column":79}},{"start":{"line":212,"column":79},"end":{"line":212,"column":null}}],"line":212},"57":{"loc":{"start":{"line":218,"column":6},"end":{"line":251,"column":null}},"type":"if","locations":[{"start":{"line":218,"column":6},"end":{"line":251,"column":null}},{"start":{"line":220,"column":13},"end":{"line":251,"column":null}}],"line":218},"58":{"loc":{"start":{"line":220,"column":13},"end":{"line":251,"column":null}},"type":"if","locations":[{"start":{"line":220,"column":13},"end":{"line":251,"column":null}},{"start":{"line":222,"column":13},"end":{"line":251,"column":null}}],"line":220},"59":{"loc":{"start":{"line":222,"column":13},"end":{"line":251,"column":null}},"type":"if","locations":[{"start":{"line":222,"column":13},"end":{"line":251,"column":null}},{"start":{"line":225,"column":13},"end":{"line":251,"column":null}}],"line":222},"60":{"loc":{"start":{"line":225,"column":13},"end":{"line":251,"column":null}},"type":"if","locations":[{"start":{"line":225,"column":13},"end":{"line":251,"column":null}},{"start":{"line":227,"column":13},"end":{"line":251,"column":null}}],"line":225},"61":{"loc":{"start":{"line":225,"column":17},"end":{"line":225,"column":104}},"type":"binary-expr","locations":[{"start":{"line":225,"column":17},"end":{"line":225,"column":50}},{"start":{"line":225,"column":50},"end":{"line":225,"column":104}}],"line":225},"62":{"loc":{"start":{"line":227,"column":13},"end":{"line":251,"column":null}},"type":"if","locations":[{"start":{"line":227,"column":13},"end":{"line":251,"column":null}},{"start":{"line":230,"column":13},"end":{"line":251,"column":null}}],"line":227},"63":{"loc":{"start":{"line":230,"column":13},"end":{"line":251,"column":null}},"type":"if","locations":[{"start":{"line":230,"column":13},"end":{"line":251,"column":null}},{"start":{"line":236,"column":13},"end":{"line":251,"column":null}}],"line":230},"64":{"loc":{"start":{"line":230,"column":17},"end":{"line":230,"column":96}},"type":"binary-expr","locations":[{"start":{"line":230,"column":17},"end":{"line":230,"column":59}},{"start":{"line":230,"column":59},"end":{"line":230,"column":96}}],"line":230},"65":{"loc":{"start":{"line":236,"column":13},"end":{"line":251,"column":null}},"type":"if","locations":[{"start":{"line":236,"column":13},"end":{"line":251,"column":null}},{"start":{},"end":{}}],"line":236},"66":{"loc":{"start":{"line":236,"column":17},"end":{"line":236,"column":92}},"type":"binary-expr","locations":[{"start":{"line":236,"column":17},"end":{"line":236,"column":52}},{"start":{"line":236,"column":52},"end":{"line":236,"column":92}}],"line":236},"67":{"loc":{"start":{"line":246,"column":39},"end":{"line":246,"column":null}},"type":"binary-expr","locations":[{"start":{"line":246,"column":39},"end":{"line":246,"column":59}},{"start":{"line":246,"column":59},"end":{"line":246,"column":null}}],"line":246},"68":{"loc":{"start":{"line":247,"column":8},"end":{"line":250,"column":null}},"type":"if","locations":[{"start":{"line":247,"column":8},"end":{"line":250,"column":null}},{"start":{},"end":{}}],"line":247},"69":{"loc":{"start":{"line":259,"column":6},"end":{"line":259,"column":null}},"type":"if","locations":[{"start":{"line":259,"column":6},"end":{"line":259,"column":null}},{"start":{},"end":{}}],"line":259},"70":{"loc":{"start":{"line":260,"column":6},"end":{"line":260,"column":null}},"type":"if","locations":[{"start":{"line":260,"column":6},"end":{"line":260,"column":null}},{"start":{},"end":{}}],"line":260},"71":{"loc":{"start":{"line":261,"column":6},"end":{"line":261,"column":null}},"type":"if","locations":[{"start":{"line":261,"column":6},"end":{"line":261,"column":null}},{"start":{},"end":{}}],"line":261},"72":{"loc":{"start":{"line":262,"column":6},"end":{"line":262,"column":null}},"type":"if","locations":[{"start":{"line":262,"column":6},"end":{"line":262,"column":null}},{"start":{},"end":{}}],"line":262},"73":{"loc":{"start":{"line":263,"column":6},"end":{"line":270,"column":null}},"type":"if","locations":[{"start":{"line":263,"column":6},"end":{"line":270,"column":null}},{"start":{},"end":{}}],"line":263},"74":{"loc":{"start":{"line":265,"column":8},"end":{"line":265,"column":null}},"type":"if","locations":[{"start":{"line":265,"column":8},"end":{"line":265,"column":null}},{"start":{},"end":{}}],"line":265},"75":{"loc":{"start":{"line":266,"column":8},"end":{"line":269,"column":null}},"type":"if","locations":[{"start":{"line":266,"column":8},"end":{"line":269,"column":null}},{"start":{},"end":{}}],"line":266},"76":{"loc":{"start":{"line":268,"column":10},"end":{"line":268,"column":null}},"type":"if","locations":[{"start":{"line":268,"column":10},"end":{"line":268,"column":null}},{"start":{},"end":{}}],"line":268},"77":{"loc":{"start":{"line":271,"column":6},"end":{"line":271,"column":null}},"type":"if","locations":[{"start":{"line":271,"column":6},"end":{"line":271,"column":null}},{"start":{},"end":{}}],"line":271},"78":{"loc":{"start":{"line":272,"column":6},"end":{"line":272,"column":null}},"type":"if","locations":[{"start":{"line":272,"column":6},"end":{"line":272,"column":null}},{"start":{},"end":{}}],"line":272},"79":{"loc":{"start":{"line":273,"column":6},"end":{"line":276,"column":null}},"type":"if","locations":[{"start":{"line":273,"column":6},"end":{"line":276,"column":null}},{"start":{},"end":{}}],"line":273},"80":{"loc":{"start":{"line":275,"column":8},"end":{"line":275,"column":null}},"type":"if","locations":[{"start":{"line":275,"column":8},"end":{"line":275,"column":null}},{"start":{},"end":{}}],"line":275}},"s":{"0":3,"1":3,"2":3,"3":977,"4":977,"5":0,"6":977,"7":977,"8":977,"9":1586,"10":1586,"11":1586,"12":977,"13":609,"14":609,"15":977,"16":0,"17":977,"18":977,"19":0,"20":977,"21":977,"22":977,"23":977,"24":930,"25":930,"26":930,"27":707,"28":707,"29":223,"30":977,"31":1586,"32":977,"33":1586,"34":977,"35":1244,"36":977,"37":1244,"38":977,"39":977,"40":1129,"41":977,"42":342,"43":977,"44":977,"45":930,"46":0,"47":930,"48":582,"49":348,"50":21,"51":327,"52":60,"53":52,"54":275,"55":12,"56":263,"57":12,"58":251,"59":28,"60":223,"61":3455,"62":2527,"63":618,"64":422,"65":422,"66":251,"67":171,"68":62,"69":109,"70":64,"71":45,"72":196,"73":287,"74":287,"75":36,"76":251,"77":287,"78":287,"79":287,"80":13,"81":13,"82":13,"83":13,"84":2603,"85":25,"86":25,"87":25,"88":2578,"89":2577,"90":13,"91":13,"92":25,"93":25,"94":1002,"95":1002,"96":25,"97":25,"98":977,"99":0,"100":0,"101":977,"102":977,"103":0,"104":0,"105":977,"106":977,"107":977,"108":1575,"109":1575,"110":977,"111":977,"112":977,"113":977,"114":977,"115":977,"116":977,"117":977,"118":1575,"119":1575,"120":49,"121":1526,"122":511,"123":511,"124":511,"125":511,"126":1015,"127":16,"128":16,"129":16,"130":144,"131":16,"132":999,"133":0,"134":0,"135":0,"136":999,"137":4,"138":4,"139":4,"140":995,"141":995,"142":4,"143":995,"144":977,"145":977,"146":12,"147":977,"148":12,"149":12,"150":12,"151":977,"152":977,"153":977,"154":977,"155":977,"156":618,"157":618,"158":618,"159":618,"160":977,"161":977,"162":270,"163":707,"164":4,"165":703,"166":16,"167":16,"168":687,"169":336,"170":351,"171":12,"172":12,"173":48,"174":339,"175":17,"176":17,"177":47,"178":322,"179":28,"180":104,"181":28,"182":60,"183":28,"184":4,"185":4,"186":977,"187":977,"188":313,"189":977,"190":144,"191":977,"192":111,"193":977,"194":977,"195":977,"196":618,"197":618,"198":618,"199":618,"200":287,"201":287,"202":251,"203":977,"204":511,"205":977,"206":977,"207":977,"208":16,"209":16,"210":16,"211":977,"212":13},"f":{"0":977,"1":1586,"2":1586,"3":1244,"4":1244,"5":1129,"6":342,"7":930,"8":3455,"9":2527,"10":618,"11":287,"12":13,"13":144,"14":48,"15":47,"16":104,"17":60},"b":{"0":[0,977],"1":[1586,977],"2":[977,609],"3":[0,977],"4":[0,977],"5":[930,47],"6":[707,223],"7":[930,930],"8":[707,112],"9":[1586,1586],"10":[977,4],"11":[977,972],"12":[977,664,664],"13":[0,930],"14":[582,348],"15":[21,327],"16":[348,25],"17":[60,267],"18":[52,8],"19":[60,20,8],"20":[12,263],"21":[275,12],"22":[12,251],"23":[28,223],"24":[251,28],"25":[3455,3455],"26":[2527,2478],"27":[422,196],"28":[618,331],"29":[251,171],"30":[62,109],"31":[64,45],"32":[36,251],"33":[251,163,163],"34":[287,251],"35":[25,2578],"36":[2577,1],"37":[25,977],"38":[0,977],"39":[0,977],"40":[977,2527],"41":[49,1526],"42":[511,1015],"43":[511,0],"44":[16,999],"45":[16,0],"46":[0,999],"47":[4,995],"48":[4,991],"49":[995,4],"50":[12,965],"51":[977,973],"52":[12,965],"53":[977,16],"54":[12,0],"55":[618,359],"56":[105,513],"57":[270,707],"58":[4,703],"59":[16,687],"60":[336,351],"61":[687,355],"62":[12,339],"63":[17,322],"64":[339,21],"65":[28,294],"66":[322,36],"67":[28,28],"68":[4,24],"69":[313,664],"70":[144,833],"71":[111,866],"72":[5,972],"73":[618,359],"74":[618,0],"75":[287,331],"76":[251,36],"77":[511,466],"78":[49,928],"79":[16,961],"80":[16,0]},"meta":{"lastBranch":81,"lastFunction":18,"lastStatement":213,"seen":{"s:13:23:13:Infinity":0,"s:14:21:14:Infinity":1,"s:15:20:15:Infinity":2,"f:17:9:17:23":0,"s:18:15:18:Infinity":3,"b:19:2:19:Infinity:undefined:undefined:undefined:undefined":0,"s:19:2:19:Infinity":4,"s:19:29:19:Infinity":5,"s:21:27:21:Infinity":6,"s:22:13:22:Infinity":7,"s:23:2:29:Infinity":8,"s:24:4:24:Infinity":9,"s:25:14:25:Infinity":10,"b:25:14:25:42:25:42:25:Infinity":1,"b:26:4:26:Infinity:undefined:undefined:undefined:undefined":2,"s:26:4:26:Infinity":11,"s:26:12:26:Infinity":12,"s:27:4:27:Infinity":13,"s:28:4:28:Infinity":14,"b:30:2:30:Infinity:undefined:undefined:undefined:undefined":3,"s:30:2:30:Infinity":15,"s:30:30:30:Infinity":16,"s:31:20:31:Infinity":17,"b:32:2:32:Infinity:undefined:undefined:undefined:undefined":4,"s:32:2:32:Infinity":18,"s:32:18:32:Infinity":19,"s:33:2:33:Infinity":20,"s:35:40:35:Infinity":21,"s:36:18:36:Infinity":22,"b:37:2:46:Infinity:undefined:undefined:undefined:undefined":5,"s:37:2:46:Infinity":23,"s:38:17:38:Infinity":24,"s:39:28:39:Infinity":25,"b:40:4:45:Infinity:43:11:45:Infinity":6,"s:40:4:45:Infinity":26,"b:40:8:40:27:40:27:40:74":7,"s:41:6:41:Infinity":27,"s:42:6:42:Infinity":28,"b:42:19:42:41:42:41:42:45":8,"s:44:6:44:Infinity":29,"s:48:16:48:Infinity":30,"f:48:23:48:30":1,"s:48:35:48:53":31,"s:49:17:49:Infinity":32,"f:49:24:49:31":2,"s:49:36:49:76":33,"b:49:36:49:57:49:57:49:76":9,"s:50:24:50:Infinity":34,"f:50:30:50:37":3,"s:50:42:50:63":35,"s:51:24:51:Infinity":36,"f:51:30:51:37":4,"s:51:42:51:64":37,"s:52:14:52:Infinity":38,"b:52:14:52:57:52:57:52:Infinity":10,"s:53:21:53:Infinity":39,"f:53:35:53:42":5,"s:53:47:53:56":40,"s:54:24:54:Infinity":41,"b:54:24:54:66:54:66:54:Infinity":11,"f:54:31:54:36":6,"s:54:41:54:61":42,"s:55:16:55:Infinity":43,"b:55:16:55:59:55:59:55:72:55:72:55:Infinity":12,"s:57:2:57:Infinity":44,"f:60:9:60:35":7,"b:61:2:61:Infinity:undefined:undefined:undefined:undefined":13,"s:61:2:61:Infinity":45,"s:61:14:61:Infinity":46,"b:62:2:62:Infinity:undefined:undefined:undefined:undefined":14,"s:62:2:62:Infinity":47,"s:62:39:62:Infinity":48,"b:63:2:63:Infinity:undefined:undefined:undefined:undefined":15,"s:63:2:63:Infinity":49,"b:63:6:63:31:63:31:63:52":16,"s:63:52:63:Infinity":50,"b:64:2:66:Infinity:undefined:undefined:undefined:undefined":17,"s:64:2:66:Infinity":51,"b:65:4:65:Infinity:undefined:undefined:undefined:undefined":18,"s:65:4:65:Infinity":52,"b:65:8:65:31:65:31:65:54:65:54:65:79":19,"s:65:79:65:Infinity":53,"b:67:2:67:Infinity:undefined:undefined:undefined:undefined":20,"s:67:2:67:Infinity":54,"b:67:6:67:31:67:31:67:52":21,"s:67:52:67:Infinity":55,"b:68:2:68:Infinity:undefined:undefined:undefined:undefined":22,"s:68:2:68:Infinity":56,"s:68:25:68:Infinity":57,"b:69:2:69:Infinity:undefined:undefined:undefined:undefined":23,"s:69:2:69:Infinity":58,"b:69:6:69:25:69:25:69:44":24,"s:69:44:69:Infinity":59,"s:70:2:70:Infinity":60,"f:73:9:73:20":8,"s:74:2:74:Infinity":61,"b:74:9:74:28:74:28:74:Infinity":25,"f:76:9:76:27":9,"s:77:2:77:Infinity":62,"b:77:9:77:31:77:31:77:Infinity":26,"f:80:9:80:23":10,"b:81:2:90:Infinity:undefined:undefined:undefined:undefined":27,"s:81:2:90:Infinity":63,"b:81:6:81:27:81:27:81:47":28,"s:82:14:82:Infinity":64,"b:83:4:83:Infinity:undefined:undefined:undefined:undefined":29,"s:83:4:83:Infinity":65,"s:83:26:83:Infinity":66,"b:84:4:84:Infinity:undefined:undefined:undefined:undefined":30,"s:84:4:84:Infinity":67,"s:84:42:84:Infinity":68,"b:85:4:85:Infinity:undefined:undefined:undefined:undefined":31,"s:85:4:85:Infinity":69,"s:85:45:85:Infinity":70,"s:89:4:89:Infinity":71,"s:91:2:91:Infinity":72,"f:94:9:94:26":11,"s:95:16:95:Infinity":73,"b:96:2:96:Infinity:undefined:undefined:undefined:undefined":32,"s:96:2:96:Infinity":74,"s:96:14:96:Infinity":75,"s:98:8:98:Infinity":76,"b:98:28:98:40:98:40:98:52:98:52:98:56":33,"s:99:19:99:Infinity":77,"b:99:26:99:38:99:38:99:39":34,"s:100:24:100:Infinity":78,"s:102:2:102:Infinity":79,"f:105:16:105:32":12,"s:106:16:106:Infinity":80,"s:107:56:107:Infinity":81,"s:108:58:108:Infinity":82,"s:109:2:117:Infinity":83,"b:110:4:116:Infinity:114:11:116:Infinity":35,"s:110:4:116:Infinity":84,"s:111:19:111:Infinity":85,"s:112:6:112:Infinity":86,"s:113:6:113:Infinity":87,"b:114:11:116:Infinity:undefined:undefined:undefined:undefined":36,"s:114:11:116:Infinity":88,"s:115:6:115:Infinity":89,"s:119:25:119:Infinity":90,"s:120:2:279:Infinity":91,"s:121:12:121:Infinity":92,"s:122:4:278:Infinity":93,"s:123:19:123:Infinity":94,"b:124:6:124:Infinity:undefined:undefined:undefined:undefined":37,"s:124:6:124:Infinity":95,"s:124:26:124:31":96,"s:124:31:124:40":97,"b:125:6:125:Infinity:undefined:undefined:undefined:undefined":38,"s:125:6:125:Infinity":98,"s:125:30:125:35":99,"s:125:35:125:44":100,"s:126:19:126:Infinity":101,"b:127:6:127:Infinity:undefined:undefined:undefined:undefined":39,"s:127:6:127:Infinity":102,"s:127:19:127:24":103,"s:127:24:127:33":104,"s:129:29:129:Infinity":105,"s:130:6:130:Infinity":106,"s:131:6:134:Infinity":107,"b:131:13:131:41:131:41:131:78":40,"s:132:8:132:Infinity":108,"s:133:8:133:Infinity":109,"s:141:34:141:Infinity":110,"s:142:6:142:Infinity":111,"s:143:27:143:Infinity":112,"s:144:43:144:Infinity":113,"s:145:23:145:Infinity":114,"s:146:43:146:Infinity":115,"s:147:60:147:Infinity":116,"s:149:6:177:Infinity":117,"s:150:24:150:Infinity":118,"b:151:8:151:Infinity:undefined:undefined:undefined:undefined":41,"s:151:8:151:Infinity":119,"s:151:22:151:Infinity":120,"b:152:8:156:Infinity:undefined:undefined:undefined:undefined":42,"s:152:8:156:Infinity":121,"s:153:20:153:Infinity":122,"b:154:10:154:Infinity:undefined:undefined:undefined:undefined":43,"s:154:10:154:Infinity":123,"s:154:17:154:Infinity":124,"s:155:10:155:Infinity":125,"b:157:8:161:Infinity:undefined:undefined:undefined:undefined":44,"s:157:8:161:Infinity":126,"s:158:20:158:Infinity":127,"b:159:10:159:Infinity:undefined:undefined:undefined:undefined":45,"s:159:10:159:Infinity":128,"s:159:17:159:Infinity":129,"f:159:49:159:53":13,"s:159:58:159:66":130,"s:160:10:160:Infinity":131,"b:162:8:166:Infinity:undefined:undefined:undefined:undefined":46,"s:162:8:166:Infinity":132,"s:163:10:163:Infinity":133,"s:164:10:164:Infinity":134,"s:165:10:165:Infinity":135,"b:167:8:171:Infinity:undefined:undefined:undefined:undefined":47,"s:167:8:171:Infinity":136,"s:168:10:168:Infinity":137,"s:169:10:169:Infinity":138,"s:170:10:170:Infinity":139,"s:172:27:172:Infinity":140,"b:173:8:175:Infinity:undefined:undefined:undefined:undefined":48,"s:173:8:175:Infinity":141,"b:173:12:173:26:173:26:173:39":49,"s:174:10:174:Infinity":142,"s:176:8:176:Infinity":143,"s:179:21:179:Infinity":144,"b:188:6:190:Infinity:undefined:undefined:undefined:undefined":50,"s:188:6:190:Infinity":145,"b:188:10:188:25:188:25:188:58":51,"s:189:8:189:Infinity":146,"b:191:6:194:Infinity:undefined:undefined:undefined:undefined":52,"s:191:6:194:Infinity":147,"b:191:10:191:24:191:24:191:42":53,"s:192:22:192:Infinity":148,"b:193:8:193:Infinity:undefined:undefined:undefined:undefined":54,"s:193:8:193:Infinity":149,"s:193:19:193:Infinity":150,"s:200:27:200:Infinity":151,"s:201:25:201:Infinity":152,"s:202:24:202:Infinity":153,"s:203:43:203:Infinity":154,"b:204:6:214:Infinity:undefined:undefined:undefined:undefined":55,"s:204:6:214:Infinity":155,"s:210:25:210:Infinity":156,"s:211:25:211:Infinity":157,"s:212:8:212:Infinity":158,"b:212:42:212:79:212:79:212:Infinity":56,"s:213:8:213:Infinity":159,"s:216:34:216:Infinity":160,"b:218:6:251:Infinity:220:13:251:Infinity":57,"s:218:6:251:Infinity":161,"s:219:8:219:Infinity":162,"b:220:13:251:Infinity:222:13:251:Infinity":58,"s:220:13:251:Infinity":163,"s:221:8:221:Infinity":164,"b:222:13:251:Infinity:225:13:251:Infinity":59,"s:222:13:251:Infinity":165,"s:223:8:223:Infinity":166,"s:224:8:224:Infinity":167,"b:225:13:251:Infinity:227:13:251:Infinity":60,"s:225:13:251:Infinity":168,"b:225:17:225:50:225:50:225:104":61,"s:226:8:226:Infinity":169,"b:227:13:251:Infinity:230:13:251:Infinity":62,"s:227:13:251:Infinity":170,"s:228:8:228:Infinity":171,"s:229:8:229:Infinity":172,"f:229:64:229:68":14,"s:229:73:229:81":173,"b:230:13:251:Infinity:236:13:251:Infinity":63,"s:230:13:251:Infinity":174,"b:230:17:230:59:230:59:230:96":64,"s:234:8:234:Infinity":175,"s:235:8:235:Infinity":176,"f:235:64:235:68":15,"s:235:73:235:81":177,"b:236:13:251:Infinity:undefined:undefined:undefined:undefined":65,"s:236:13:251:Infinity":178,"b:236:17:236:52:236:52:236:92":66,"s:245:22:245:Infinity":179,"f:245:55:245:59":16,"s:245:64:245:72":180,"s:246:39:246:Infinity":181,"b:246:39:246:59:246:59:246:Infinity":67,"f:246:65:246:71":17,"s:246:79:246:98":182,"b:247:8:250:Infinity:undefined:undefined:undefined:undefined":68,"s:247:8:250:Infinity":183,"s:248:10:248:Infinity":184,"s:249:10:249:Infinity":185,"s:253:27:258:Infinity":186,"b:259:6:259:Infinity:undefined:undefined:undefined:undefined":69,"s:259:6:259:Infinity":187,"s:259:22:259:Infinity":188,"b:260:6:260:Infinity:undefined:undefined:undefined:undefined":70,"s:260:6:260:Infinity":189,"s:260:38:260:Infinity":190,"b:261:6:261:Infinity:undefined:undefined:undefined:undefined":71,"s:261:6:261:Infinity":191,"s:261:41:261:Infinity":192,"b:262:6:262:Infinity:undefined:undefined:undefined:undefined":72,"s:262:6:262:Infinity":193,"s:262:30:262:Infinity":194,"b:263:6:270:Infinity:undefined:undefined:undefined:undefined":73,"s:263:6:270:Infinity":195,"s:264:24:264:Infinity":196,"b:265:8:265:Infinity:undefined:undefined:undefined:undefined":74,"s:265:8:265:Infinity":197,"s:265:30:265:Infinity":198,"b:266:8:269:Infinity:undefined:undefined:undefined:undefined":75,"s:266:8:269:Infinity":199,"s:267:23:267:Infinity":200,"b:268:10:268:Infinity:undefined:undefined:undefined:undefined":76,"s:268:10:268:Infinity":201,"s:268:29:268:Infinity":202,"b:271:6:271:Infinity:undefined:undefined:undefined:undefined":77,"s:271:6:271:Infinity":203,"s:271:27:271:Infinity":204,"b:272:6:272:Infinity:undefined:undefined:undefined:undefined":78,"s:272:6:272:Infinity":205,"s:272:19:272:Infinity":206,"b:273:6:276:Infinity:undefined:undefined:undefined:undefined":79,"s:273:6:276:Infinity":207,"s:274:8:274:Infinity":208,"b:275:8:275:Infinity:undefined:undefined:undefined:undefined":80,"s:275:8:275:Infinity":209,"s:275:29:275:Infinity":210,"s:277:6:277:Infinity":211,"s:280:2:280:Infinity":212}}}
,"C:\\Users\\AFA\\Documents\\GitHub\\hexllama\\src\\main\\schemas.ts": {"path":"C:\\Users\\AFA\\Documents\\GitHub\\hexllama\\src\\main\\schemas.ts","statementMap":{"0":{"start":{"line":3,"column":38},"end":{"line":3,"column":null}},"1":{"start":{"line":5,"column":39},"end":{"line":8,"column":null}},"2":{"start":{"line":10,"column":36},"end":{"line":10,"column":null}},"3":{"start":{"line":11,"column":36},"end":{"line":14,"column":null}},"4":{"start":{"line":15,"column":40},"end":{"line":18,"column":null}},"5":{"start":{"line":19,"column":44},"end":{"line":22,"column":null}},"6":{"start":{"line":23,"column":43},"end":{"line":26,"column":null}},"7":{"start":{"line":27,"column":49},"end":{"line":29,"column":null}},"8":{"start":{"line":30,"column":48},"end":{"line":33,"column":null}},"9":{"start":{"line":35,"column":33},"end":{"line":35,"column":null}},"10":{"start":{"line":38,"column":42},"end":{"line":42,"column":null}},"11":{"start":{"line":45,"column":47},"end":{"line":52,"column":null}},"12":{"start":{"line":56,"column":29},"end":{"line":71,"column":null}},"13":{"start":{"line":74,"column":37},"end":{"line":77,"column":null}},"14":{"start":{"line":80,"column":32},"end":{"line":84,"column":null}},"15":{"start":{"line":88,"column":32},"end":{"line":96,"column":null}},"16":{"start":{"line":100,"column":29},"end":{"line":104,"column":null}},"17":{"start":{"line":110,"column":35},"end":{"line":116,"column":null}},"18":{"start":{"line":117,"column":36},"end":{"line":121,"column":null}},"19":{"start":{"line":122,"column":28},"end":{"line":125,"column":null}}},"fnMap":{},"branchMap":{},"s":{"0":4,"1":4,"2":4,"3":4,"4":4,"5":4,"6":4,"7":4,"8":4,"9":4,"10":4,"11":4,"12":4,"13":4,"14":4,"15":4,"16":4,"17":4,"18":4,"19":4},"f":{},"b":{},"meta":{"lastBranch":0,"lastFunction":0,"lastStatement":20,"seen":{"s:3:38:3:Infinity":0,"s:5:39:8:Infinity":1,"s:10:36:10:Infinity":2,"s:11:36:14:Infinity":3,"s:15:40:18:Infinity":4,"s:19:44:22:Infinity":5,"s:23:43:26:Infinity":6,"s:27:49:29:Infinity":7,"s:30:48:33:Infinity":8,"s:35:33:35:Infinity":9,"s:38:42:42:Infinity":10,"s:45:47:52:Infinity":11,"s:56:29:71:Infinity":12,"s:74:37:77:Infinity":13,"s:80:32:84:Infinity":14,"s:88:32:96:Infinity":15,"s:100:29:104:Infinity":16,"s:110:35:116:Infinity":17,"s:117:36:121:Infinity":18,"s:122:28:125:Infinity":19}}}
}
